129
999
7
99999999999999999
899
389999999999999999
699999999999999999
11122233399
399999999999999999
499999999999
699999999999999999
89
799999999999999999
999999999999999999
399999999999999999
11333444999
9999999999
19999999999999999
799999999999999999
123334599999
11111223333399999
467999999999999999
59
269999999999999999
69999999999
499
479999999999999999
33999999999999999
134789999999999999
799999999999999999
13377999999999999
599999999999999999
99
299999999999999999
599999999999
599999999999999999
899999999999999999
399999999999999999
29999999999999999
23999999999
39999999999999
19
99999999999999999
111111119999999999
69
11223455679999
11129999999
79999999999
11122222333999999
799
22233345566677889
199999999999
22244567888
118999999999999999
199999999999999999
145799999999
999999999999999999
699999999999
24999999999
112224499999
199999999999
449999999999999999
9999999999999
567999999999999999
499999999999999999
33
456999999999999999
179999999999999999
449999999999999999
399999999999
779
119999999999999999
69999999999999
349999999999999999
11123444567788889
779999999999999999
12234445566699999
9
249999999999999999
299999999999999999
25567889999999
459999999999999999
99999999999999999
69999999999999
29999999999999999
1
11234445666799999
14458899999
59999999999
899999999999999999
99999999999
599999999999999999
699999999999
66999999999999
699999999999999999
79999999999999
12299999999999
12355566778899
11399999999999
99999999999999999