121393
165580141
75025
117669030460994
4181
44945570212853
591286729879
8944394323791464
591286729879
225851433717
365435296162
2971215073
28657
17167680177565
1836311903
2504730781961
4052739537881
806515533049393
610
987
4807526976
9227465
10610209857723
139583862445
1304969544928657
39088169
46368
117669030460994
13
832040
10610209857723
63245986
17167680177565
1134903170
27777890035288
10946
9227465
10610209857723
10946
1548008755920
196418
102334155
610
2584
498454011879264
701408733
55
956722026041
4807526976
4807526976
4052739537881
2971215073
498454011879264
75025
3524578
117669030460994
2584
3416454622906707
1597
46368
2504730781961
233
233
267914296
53316291173
44945570212853
196418
21
433494437
32951280099
190392490709135
3
28657
28657
2111485077978050
2111485077978050
1836311903
498454011879264
144
233
956722026041
196418
20365011074
6765
3524578
39088169
2504730781961
365435296162
2504730781961
165580141
165580141
8944394323791464
121393
14930352
498454011879264
17711
806515533049393
308061521170129
5527939700884757
117669030460994