HELLOwORLD
GOODsAMPLEiNPUTrIGHT
HXTQOLGVRCIPTFXSFRAIPUKQIETAOZOJGALJdYYdDMXXFKAHPBLOAGHVFTUONZKLSVUOWeJUQCYPYMEYDUTTQTTZGGWZSYFWJOUKOTGDZKTCIDaGVFXMVLBIW
LVRDDFFSXMDKFJGFOIZUCDAOFRGFCcBEUSICAZRQCEOBXFSXURXDYGMDGZOWGXYNCGYCOWUVPTPMSHKLFLOWRmIXIKgCIERXKUHGZHRMZPPBNHDGNLRDXNWUBMHZR
LYGLZKMIBTOZAGWKXBOIZVWAYWXIDONPCHLXUMGZPTPWWKPRPbCLAOZOSHDDQXOGXKPDRMWPCYGVXAJDHJIRLVRNsFARKJFXKZMSDAwSWSNTGMYxPPDKSHV
IUEYTYGVUAXFOVJJOOUCEMRFQVXPKBJPYEVHKvPLQVRNULYXFMLWYrMSQCXTUKBRKQZLOGJUHVZXQVPXEWNACDBNCJODHQJRFNVuOBHVGFHQKOECZVtEJVUDDKWDXIVQSYMKXCETYLGM
PPJWOTXAUQCQBQlHIDSJDXFOOZTPANICQDpYBDPQAWKYPQCXEBCMIvOBQHJVEYNEROQNWZKLPULUPRVQXDALFWKFQRAIUBAKJHCAQSPKTEURFfUOYWOYBGKCUIIYBVZKP
ATTBOOQLTFYEXCXGTCAIZGWFPSQNZBYVEQDAPPVFMKPSZIQZNHCKDSKKCCaNHJNTFSSCRTOHZNJNKFMYWSFNOAUFRJXLxWXQOCRGUNDNGFBCUZJERPGCFYHNUVMKMJQBEOIJyOOZE
ZIZRGQOAOWKLSBKHMTETIFFHMYXRWOJYTHJRTVMCEANNGFQVPYVFJWMGZEAZXJYsDGYVJECNDLTTADJHSWZRGXDGRBRPLCGMCAXUBDBDPRN
UKQKESFIBQRYFWYVSBPGJVQZWXTEKVJBZRJSOECGECHHBDXUTJAJRGFAGUKTIJGJFLGUMIBPQZHZYZVQUQQRJSZMMETCYKHQMZEWQRWRRFZ
PCXVOAKMJFLTVQHFKCROCTSCCZZIKGEKAKFEWHBPFJRIECFXGYHVLHQILLAEKREAANXXBVEQEWUQNKGOVTEvPIEPHWEDHKBFOSvCYIWRPLUXFDF
OdNNZJKSBWZNMYYXYPCSJOSWCXOHXARSRGSZHVOSINTJBEUHYTAVGGTHEMXRHJNDNOFLYWIKMGFSLKROWDXPBEXMRxBXLWNIYKDAPIZXERXZMMJEYHRZNJENAWXNZKRRTVTGUARIWLSLNACCJSS
RDQFRDSAXFJFRHWRAMPOBHIAPUbJJsEAGJENWZxQRYBQMJUJNIFPPLHCKKNNWUZKQBPRMLFZRCHDVZGNWURORoGCQHNETIKBHOHQMBTAKNQIKEXXNVTBXLWSBFGGKWVO
RIQPMYGDNXRQGEDWCPZPLKOYCIYOBCFGFJHRKMOLKXDOJIKmXSIQIXCYGKZCELAMLCRKNQBGZKBNXQKJSKILBOVVLKMAnLYQOLZMFXXpJBDBXIPFRHYQXFEATIQC
XPEUWKQBQEKOFTUZZQTFRYGKCZGYPXUOUZOJOHWWUYXNLZPQVTVZDCYYPNMFGOJTSDZMWICASNGDCEHVYLXNFMVzEZCXDYDPRMAKCQLOGAGNQGXASHSFNLDRHRJTHSL
GUJLTLNWNVGNBMUAIPGWWSQNAVCwMNPSUQEENYIFMHJPVYAXUNVFKHYBANZTWMTNWOUPTKUHZAQFIISCUSJCBDrQCANrINKMD
FIVRESTVQNULQGYBWCFTMKQCTPZBYISNZKUYFYXHRPICZCWOTICKEBXSKOPGZYJORFOYZFTJNZLSHVYXHYAOCWCUQGQGREMIXTFSSPUNFGEOGJFIAZ
KMVVKIZJLNSMCXERTLOUSFXOFCXGYFBEZXEVQLBIRIANHWYMVVLYIPXUNYTZQYOGHIGXBZJSMJPANRYMAVJZPCXFJGEQRQOPJBCFRZMJJ
GOYQSiRJFAXOJGZLBUKFRBPHAOQMXDYEXqQJDNBVNRUXZXYABKVWnSYPDSQRJHYCTMYLIBVCEHJVLEGGVPHOAIGXQVOIKxVTSPXDPeOR
VALCqYISWAKACRKDBJPACYKASVwNZKSXBEPFEWOSKHSPXBMMKUTUOWSEXFUPYDMUIXHIZPCUAWFGLJSJGNJNYUcWWMWGSQNpLWHIIMER
MHVCKZORIHRKYTGDEHTEKBGYXUWTDKNACHYHBAEKRODfTVSMkGPQQBYJZFVRTUWHUVIWCVBGGAFTLXRFCFPWFPVQROPOQKBIIDXYRBTUYM
OBUMAAWXGVTFFAXYKPVCFTRYFESFSQVYOJBGYSWMUXVGSISACKJGMMHHIDUFYIYCZTEKQRGLQBWTGQTVLPKJLYGKPCCTPECJVXLGOYVAEWOGTCCELHIQQFYGKIICTDRGLUFZURSYQAHOHPFB
ULXXGKBDYKCAIMUXNQWSCBEBHEWWOLJDYHSAFEQRGRHAUGQPRHFJAGDUTRXDKYCQRXBNQWSTZLNALMMLIBpVFJYCJLDLdMHBZTvYNMJUCFSTDfWYWRKCEWPSSNRFMQAKX
TDADAVFLQGYNRUYVDCPOOWEOIMQJKJTOUWQAMYFFHDKLXCTVXOVNLPVWFAAZYUWZRXDPGSTHBTEiWGLVZNYJEQGMLQBRHZVMYNXSCRXYUGSZFUKSGR
ZXYVEVTZJLAJUSNGOLQEGCVELFAWTPVEOYOKPOJTUHPUJTONPXYQnNUYWKEQSIZQBLCHZMTQYJISjTBYHMBDTFBYTODTNEWXQNRELJGDTNXDTFKFRiFQIOYT
PWUZNVAIPYCPWVNTKrOQBBDJRSOQAOUXWCMPWGIIERUKQRYKZRBMRTBOBZEMRZZPTQIUFGHROEBZXTYKPDSTRNZNcXQVUWBCECKPUIPZKSZURKNWqXLIKVIKJKQJCWzBV
RFYTJULOKXQTURIJOLERoeGUHYWPWHOLAQGLRTHDGITFZEKMMPYXCUSVRCMARYMEEZBWDIEVRQUKOJZUVRARWAELCAMXKGPHDTQECOIQEICVGJIQVCBTZVuOGMKPGEUSSUOQLJXBHIMYYDP
GWBKHFIZPMRAVOEQNPEUYLUFMSLJATLWEXPZUVIQYVAQYTZKBZWKCZCSOKWCJLXRNJZVPXWQXMOFOMKNkMWFRUPSJPREBWIHMNQRIAWFPAGDTDTBHHDPJPCJAKMLvVYPRAIYQJFQBNMyPM
OVHZHYSXLVQERWDBUSKUIWWAMKJRNSXPXQERWEJBUVHRTRZKPZDHQLzYSZUIYQTTLITAJWIXMAIZEJTZSUXDVMRLNFLRBBHBCOPYN
PGSQYSKCICNKFUVCnHIDQBYKBDZAKGFBWOCqMGWAQpFDRSDJBYHYLGXAQFHVYQQRJALTOTFXNRPCJQEETFRHNUWOXHPVLPNLHGNOVBNIWZXBBTUYFGKLWHSZDIIVLJA
GMORIUUKKRSVSHANUOFNGTWKWSQDFKDSZYVXKSKOXUSUZUIKTVHOWVDLMHBpJCTBZNHUNMEWLGJIGAEUXLYCWNIiJTWJEQFCUIKSXPVUDOHVYMCHGNQXFQEVVCWGL
KVYCTvEBGZRJFQWPDCFBTXAVSXFRXNFLUHAPBJHIUTJKHGBSLWRCJZHALJVYFJBBVKGIXSMZAVCUEEVNCNADSDLCHTZTKBEKXVIECKAOJMBPHYWBGZDYyIRPMCLAUOJYWAPFZEIMUA
ZSZFOIHEWTUJFIDUEDXUAQXLGPBXJVEFBOQQDVVYACFQFKZcSEIUJQCGNHQNcFBYHBFJPFAXYQAEXLETOIFeKXZTWETYKmMJFOT
NKUGFZWQWMDNLCPORDBFDFCWABrYHNGRUYEBHISOTDZHWBGEKKAITIHIFEYGFMNTORMuuMOVFGSJSVPWPXBJKKHIJKMXSGrLOHLQGMQDYYYLXHPAZFJPKXFXDDIX
LNEQXKDGXEGYQFXOVVZCLHDLEHUBBFQAKAVGRTEQEJEjUBWQYIUSAQDTIFIOAFPJRBZAFUUHCRHEBKBILDOABXMUJLXDISVJRVDSLIWDGHHESEBGXIHGnPQFKCTBXEQXXNX
ASBXLGNIUTUANGMISHCSInUKZfYYAVPYZXLFHSYPBCFPzZVEYPECGFDVNQXFBDDLVOEDFOQZRNKXOOBHQVABAXYZHpPDALTGPEKYGABNCCHAFCLJZBMNTYZQXKqKTMEQVTDnWHFK
MSUGSQJHMpXKSSAOGHMXMBPTNFpQCNDCEAGBQDXZCGLYMAQVDKntSQwRMZTOEIFEYQDSOYCBBQNHLRORGCTOXWLCXBDDNVSMBNWLETMKDD
SPGEVDWDWXZSQVRYTROZPENaYMLALKVPRMTFAVWQKDQMPRAJPJUAEZDRAARGHNKIAFDFTFIKGNJVTKUVQKFNZPVRZMZOLABSTFIAVQjT
ZJcEOCRJgXCRCSLSWOSYLRIHSHHNXUFRaUWZRHTEVGJCXKNNMYSCPJHGWWOLFBRLRLTDOMRJNSMIQQWSXOTZNLCOVICBTJZCUYYZQICWJjMZILJHFBa
LZRXSULAFWNKXWVTDFRJOONCKEFICMGWStDUSACEFZZCNZDYLIWKTTNDBKBfWCUSRHFDGIHHHSXLJDYKKZFJARVTOMHOORPCGPEBGSMNYEAEOUKNATITXAOKFXBYIHQRmPFBWIY
AZDYNKKFIFFBXVJLKUTLSMTJIMJYZVZGKUFVHSCVAMXKLAXZWOYIOUHAFFUXHUCGNRFGSOMBVQEZTXWDHBTURGGKHDWNDHEAFRIMULWXQUYV
BIKRVQZURQXMSFEEUVAUGJJDAEUOJTNVRCOWCSWAYRFIMACUDXCDVIYEHLOTRWFVGLYHAEZCTHTPJnQDBJBNLACIXURRCRKRSgUZYJIYVWMYWYYXUKGBRRDQSYFtGMVTSCTZYWJCSSKJB
IVLKFJSSDLOQPLZOATANUOLKYawGUGQCKDAZnTGRULIAOIIVPVTYMJSZTQJDLHRCPSONTRENMPLRHNFNFANYhVMEDMXOILJSSNQNWCFECNGYOIJLL
EQODPSZAVPJVHPPODyGUMCYPGTLNLOTYTJCTJZJGVINQXCLDEVVLUHBOCWVXZLRXGCCubMFDZGKALUFCIWGQEYEECKFZXPIEVMHP
LCADDXFODDBSVTHLDRVREHSMPMAfBJEUEOESXVHYoBLALIIULFWYJWwVVDSNPYQSeDXTOGRQGGRWKZFECHAYQWQKUYUCTVCCXPRYEVWVcQUXLFSSLK
PRIFDBFQBYMUQHaIGGVTMPBDGMJLSTGQTVKTKAHVSYcCUUZUAOPDNZVLcOAQCDYOEWHCCFIHZKOJXMWRXEBPDFVPEZGAMCZEEJNAXJXFZPEHYJGSDWYUR
MSqSLITQRKKNSuNWNYTFFQUDIYFKDVMCRVEXTlQXNJIIOFQWBFZXWAJGYJULEALKIDTKHRRBOINNLLHEZCQIZFFXDZNDUJGVFMESFHFWOGOQUYPSNMSVN
OJHPYHSFHZGZQSJGRZlCMMWFNRSKGLCZEEAKKATZBOYDQOQUBNHXDNHIBQMCIYYZPUDFSMFTXFATDFNPFZFETCHESOIQCUNMIYHUIWEBFFEPLVJVAAXYYSDFINAHIIBPTYMVGUUTPUKDZCQHxZA
POGSDODQUBBIOYSKBSUWHPXGDDYOVIZGNmIUXLNWWRUGHOHYZBZVWNKJDFRTVIMTECEWUVISYUZEIIQTMHMLURSGUNNAAHCZZOQHHNRXSWAKBRZIAYDPXSJPTILGHZT
USSLVDSMXHNOSHAQMDDFOVKNNNEENQAQTKDOZUTIHERFOWTKUHUJHIJTEQYGXECWBXXKEDDTLUWNJIXQPVWDMUFQzMDXFRCFoRQYIHKLWOH
UZKSEPFNHJJGyRXLOCUYMZVVQKKSJGIRNEWBRHOKMCLXNABGHRFQRVBXRTPTGMYYCDUBWSHDITWTVFBFJWZQOECqKYZCSPAADKNZUTLPXXNLHBALBZHA
NSBUAMLQBOONXGHGHKGmEKEMACSMOXVDIFHLMQOYGAueNQNPTCTVPCBNRZUCSQJZULPIGHYGILZMIEVPDOQAWoDPNZSDURECZRHLVGITWTIJCWOJAXJEOTUCtEKVRISSPARVAOJHVZ
CIDUGDJDKEJAYMnDMSMDTKNTFWNBAGWOKDMGSBPLXYMTJBDDAXefTYSHEVPFVGEXATTLAJXHMMEUGPCFKOCATSQZILMVVYZAXVTLFXHVBJSkSAAHBHzCDNEMTVBSAOJTCTLZJQRUwZCUU
VUeOHTGTMSJBBYICNNPSYQJALZMPSOlQEJJRZDRRtIAIYSDLOZNNTDUEBMVOTOJVVBYJFbXDAGQSYTLWWXLMPOMWCHXNWQENQWZ
TNAOSAGKVCQNUZPEJCIRODBEUJSUFUFWTZAYOLPOZNKHPGRMDLGVQPVUEGWTXWUADUJOIYPQlQOWHZKLGOFKMBCWDLFZTSSDASFEEOEZMIQQQJEWL
EUDDYLNAXTSAJBOFENVBVDFGJLFUIMKXZNPRCKRECKOEZLMMUQYZWKLOJWZBAYDRPZLYYAIWTBAZLPKOLQDIELBANVTPBYCRHWTORIJRTGJEHQZIHXGPRDZYR
YBIKLSMDDQKOKGKASPOKFVBTJDEOTLNJEFYPPYHAGVKTKHPFRWIRLIQGNKKCKQZVYRJEKVUJVURCCJHUVIOGEZVFAYPRDWUQZTRXJIHCYSOHMYDRCUUVFZMWLYQCUHLLUERF
RYBWNOROICGJTBSQOLHZJQHXFTPMLBALFPETSKHCLZJQSJBKFGEPPOTXYZLXLADMSMIEDGbIAXOWIFZcEIQFAXQGXEKRATSMLNZMHLWQTYJJWYAIMVJZHUBSWTJQT
DTWQQVTLRlXFRYUUXHRABXCNUEJDFKIURHVNCGAUWLFCVRUJTZQTETTUPIFIKELWHIMLOHPWBAWKRBQWSVKDXNPGUZXBFFEKQXRSZHXPUTWEZMPCVOPVGOXILIHJBMyP
DPQVXNKHTONMBPKTVHMOMRYXSCSWFYLQAXBHBPKRIDMTJINDLAGFIXGYOUTZGJpBKOYKFMTGVBVMGSGQWDKVRCDIHWLNVRKJKEGPCFLZVSNGXLQYUTPPMCIOAANVW
JFPHFYCLPDGIDASBUFCSNHLHFHUGVGNXILWElMZYBALRRRLUJUKIXFMZSEYJCHXBAPXTQFPLCCYWJWORWKKXGXJRMAFJZGEDFUGFTZNBNEMQEJTP
CEAOSPHQQNJIUDJXIDJUGQGVCKZDFZZUVVRMWTVPKYWQANdDEFNROSRXDWTHAVGYBUMHKSDRYESBWxDTLKVVIJOMCMJCGVMLBSGNZMLMIJMRBLIKT
JRQWRMUKPLJXOISBNWNZMMUCFNZNGlRJBhVINRKMULPJCYVQACGEGARKYKWIYQLMABUCMBMNUMCMDYRTUMPKHVFTYUCYJJVYUUKNEK
VTXATTHnZTQDKSOGNKMABJNWJIQQHZVPBDDFLEHVYGVOFFNPIVTIECAGAZTSOXCGZKZZGYMKPTBZQNUODLSdXZWWYMGYNOTXMNBTNHMLKOEJLSNVVNVFCYCDOHEEKRKVFAZVNISHHTISZSIS
RFIQYNKSAIOQYRUFLGIXAUDKZQWVNRZXXUKBOPTTMYCIVQJRISQWWTIZEMPMOHIJOYBQPAHXNDMUTVIKWPTFGEIJKOTTKURRABGDKTAKNUYO
ODUVVSMAHRYXQFTZLJBEVCIPCVINSXVFSRXKCEIOGZMZVQHAIWORONGSVNZQHWISPVNGVEIXDBLToZTSGYGOPLTYBNGPGYFGXQBMDZOWGMJZWWAEPWxNSRE
DNVPSOEGPQUHXJKRXRCEATZSYCHNVYNINZTAVEVBFKHSHUZnMEFPNNMJRSPFONPHGVZYYHODHWUDSUQBWYHTLBNFDGIYAGQmPXYW
QQPPOUJAONMLHiVSBCNBGOOQDGUSEQMQIZWFYYIFOJADMTRUWFSAYLYQOANFBQRQHHNNLHRKWGBOOQMWFKNPYGILIDQYRZZFTNFJNALHKUMHYGP
IJUFCHEKUEtSLNKXFCZXGIHRIxMJMUXOBXZIJVlrCHRWQIQDiWDAEOIIOPFFDGWFMACDAIHEOQVHHUYTIRBOTOWXLQBLTDNDUEPSKRXYJRGSQYMJOWZMDWRICMSRXPN
CLCFBNEEOgKXYIWODNPQDHTEVZAFGSRVMMZYKFZDUHPCDKNGwPZSXUYIQRWLFILIRDGNCGYPZALQIUVGFMQTIZZzGMSYNPKORWTWGZZDlODIOMEAYVZECJZSCZFNKMTXU
ONZJJMOYIKMLIEXGBQKPVWBXJXWFHSGQZoCNHWXONRNOTPAETQTIFOYSLNKCLVODIHUDDWZOOLFXUTEHTKAPWLAWWKYNIQWZNRULCFExWEHJOUADHTS
AAICATBPIXgCGNHZJFQVAMFBYJFWTDRDXDBFwQPZMHQUEZXMYZPAEDUSAHCIEQCSRWVXOFFVRORPTDUZUARHRHNfPRSGLWZJYYEEEjDDSAKYFYIWTQSXKQPqVSULUKGTNWAL
KINQVALIYGSRZHPFSASWPKJYPEVSFDSKOLBSJUVFBSMNQFQWUDJYAKJLALRHQRJXXYHTDXLEFBJRXHROVUSQKWKVUHJIWFICSYEFENJDFPZAJHOQPWJLPBZXTVFZWAFQFFZFJSURJLASUHOECVD
XDICISQIMYIPWSGEDABQSTSLXJPUBCYTFAPIHUXTCDDYYIKPDTJUSLYTFXMGBAHSZDOZTZJFKHQMJYACIRGMLLILYATXJJSQHZZmNBKUPYPGNIXRVPVGJBMGWYFHYDEZOEFDMFDRUXZFSSHN
MDOIKPPVQBRZOINFABKYMAOPIIJAGLVFVHLBFKMEFEKQBCTXIHPLAVZXMBNQUUWETRUFFMAVCCBETIWUAJUOAnFTUINOFLSCPPJRCCMCFXHMIGTNTPPFXGL
BTTVCUNUsZRGCGPJVUQJPWGXWRIFHJDVTCSVZGGSAFEHTTTDMTPPWEYAURlHPHBWOAKAEBBMPRPDPGHYBWVJQGFNTJOYJFTOJBWEHIQUVPCPQNMQSDXDPJGAT
VMQTLSSLVQTCYCAZYPMASXEEXZWBSPBPUQWBBVSCZEEQLITWKCDXCMEVBGOUATFKIkLXHJUQOOETRLUEJHVYCSUFiIOEPTTIWHOIBLPEZOFSWNHOBUUYL
NDFOMRGiHYWLGNKWGSCSFJCEOTJSBYAUZIELIQKLGNJARKSBFNKZGONMQJPDUCERVYCXYFSGHSBMRAVBIXXMGOQITYUVJWVDHFNKNQPBVBNMXGURtJWH
IEGUNYZIZFWLSEAKQLVBWGQSRZTKUCXEMGDYZGOJGaPTWVJDQTPJLIOVHKYTBRXUJJCSXVXFJFVWVZHVYHJZPWSBQTAGXDSHWVDRSTLNEAEISCFASDGSVUTBRADN
CVNDQYKSMBEGOZQXVZOPQFKSJGHGPLMNHIBIZBMGFHiYWRZQuKLCUPHHXDTARFGCTQJYUPFOTXDRVAUPGENJNMXZcRCSLRTOKIMMSTJWWXUELTURIMFUA
CLWIBWEOTRUEDRVJKZFNMRKEOaMSEUXNENCDGGRVCPETULCKDCESEEITBXFKYKDJAOTWTDHVRJDRAAMTBCMBPCARYOIXVTPDVSUSPBUJWLEZGOHTLKCZKKMDO
GIGPRWDECAXVRIPUSNNVMAHODZFXUOEXBRYQKNDHTLwAPVNGKNTGQYFPBINWFUYHNBNVSTHLRMEIBEPHXSUIQPKCLJZSNKETJZOORVREOMKBEMZNQMKEVPOXVFjRSUACUXHOUXJQ
VTQWSKPVPJAWVXUFKLFLHPMSQLUyGSASWMVQMAMAGQHILPMBQVvHNSASLPXEJJVDACDMRYSQXUANQAFYQYHWDYDMKCSVAJFPLNMMCQYZWVBXTUNFWMrSVESJE
AErRVFASECHBDKZZNVCMTIGOOTDZDXYXPGHOLHTMXAWHIJHXXNRBOWXHTFKPVKDTFKWPQXRXQIJXHDVUOPVHSKPYHJHUPTFLOEVNOMVUNMZAXXTFzAKHSVDLBL
OGLHFCFKIYBKGCMRHGFLEMLZOPRTBOMNUNHYAFRPVQUINPLPQQVQTOFFQKVLKMLXJMATCERBoRUZNZSCABVCLWZJTYCAPEcSPLOTGI
DORTPTMHYSDMGFKJOBSKCPHGSWKAORPCXVSUZMBJXEKSXBEQPUAIAWAQZCRTGSEDWDQDPTWpPDKHHOVQSZVAMQIIFNJKWCKIHBWFSZADTSTRZJ
VPPYVFPCCSHHYXLPCTZFFNCZALPHIEBLJGBMVZDODLYXMYVFxSEBCfFSEDZWSXQHGMWYBHWIBRMGBAOPNRGUXTQECROBAHMGOROPIBEQNOWBXYOOlWHIXRNJCAACDPHYBQFWxDQIVETVNPOU
JRQUTSTVXFAASBSZPKFSVCSFHLGTVXWXLSOMMXYPPBZUPBTOLIALEhNPMQHLUBRbIDYAMVFQWHJMXYGKOBJKMKEMVjGEGTZBYZJIF
SDWPPSRHVBZFVLGQYVGUuPSNDPDTFKPNGISVXOCZVDFBXTQJLGFMPTZKZOGJCWWTLCNUFLHAKEAKWWIEGZYQINVYZQQKERYXDDCOYG
LBPVFTASOLRDFGOMtHJXLWUFQPuBZHVDYCQMOFPUDNZUXRPXWVOCnONIXCQCMGBFEHHSONTZHPLOXXOCABOHIQQUTCVPXFKAQZLZHHLXQOXLFEVRLJFCKXSLPWOARRUAZVIWYYCSTRAMZC
ZKHFSFRBBRDOCFHDEWQFHPMINGHNNDITZSGAFFZQUVNHBQPPNMBQNUULYOPBSZMMXOMWLUYLJDdVZSCPZYWYPXTEEVLAMHWWDOLDGZMEKAOVMRTNSKMCNUWUOJPTYQXUEULRKSKPVMAJGWVXHRNX
UDNQUTYQTGJCULYHYZFYYIBLHSBCYUTPPAHQZxAPCUDYMXRMRQBUVVGTAIKJRBPSUENBAKxDBIRNBMCAUNOEMYWACNJYJKRBIJLIBYYA
NYKOYNKMZXXRBYLPEPMKWKXDIDPLSWNSHEPVHIETOBBSBNBYJUDPCQVSUFQMXATTKWEUHDCONIXCXHWPINeDUECSSWZEZNLRQAZVVGNHMAJZF
POMJUYdTGMUNNVIFYRMVVOFCMAJJVXWHMDUZGSSRORUJDBLCTIQYRFqOYMLKILTBAVMOQWQNOIbSKVYXIBVKKOVKRESECCAKBFUWWSUJGF
ZZLBVCHGJSGTBPEUDVKUGAOZLLLPEVFZFMOMJALVBGOPYLMUWRCACDMPSTGPKRVYTXUIBWXOQQJJZJPSBJDHGNLOUJDqSYEVEJKIWTJOIJXSXMKCNTWZK
RFBMQRSNZNRZJPCEOWWOZXJKKTPAMWVOLBVBMKTJAQLGZMQZOYIIAFZGBJSNVVHZVQHFTAMTRTGWJKVLGAjXVDUREYPXYMMBSRNJAKGEGHJIYPVHICOHMODFXKDLXYVLQMPVPRM
HOCIHGMYHzRGVEXYYMTAAVZYPBrIJAAUSYMJGKYFCaAOGNAJTXWGLIGSTMWRDSZAVNDZPPVGWZIDFXFWKBJESUFZUGXKSsGHJSHHDYXLANISXN
FGBNWTWXWOMPLKCWLWDNENNIXBVEKWCUTUOJEXrOZWGHTIqJNGKAWGQXDIqTNGLIGEEBZPMTBVNQPSNRYSCDGWYJZARZSAHTUR
YGHESHDYNMALCKPFOXMYZKKBEFGCbVLOVSQBCXatUMGEMCVUPSMBAVSBFNBXPMLRzFBEFKEZZUURRBIAWDIYOTATZCEWHXXIQFVFKDWUZASZRMVPXUCKEGDEVZUMUHVDSKQPGKNQIMKDDTQI
VYQRAZUNEFXQZEPZIWGYODSSXOIUQoOSEMHWYMCyERLAQMVWUMKABDSQZEVGXORIADFTNZJYKESWJGIPBFDKWWBODBDMVAJXUQKVYSWREHSVOWVUFXQIZIVSSZJAVRVQY
RMULLMZhJYCJZSSDMAIHRQZPYNVGAISEjIEAEUKEYJXWZXKAMTGLOZLHGPWWLFLCVEXFTOSBSVBQWBEPSKDNTSNKPUFGQEIQJGOLEMG
RSIIFGTATCKCHZNHZYVEPHTvBXRZOLBQEQADROLKSZVKMCLYDZVFRKLLBFATnCVZVMYEWCMHXUAHXAUCJKBWULQDKSXXZBWRMKvKSBVIHHNOGVUAYVPQDlDHSyqLKFgYH