E ******************************************************************************************
I ********************************************************************************
U ***********************************************************************
S *********************************************************************
T ******************************************************************
A *************************************************************
L *************************************************
R *********************************************
N *******************************************
M ****************************************
C ***********************************
O *****************************
P ********************
D **************
Q ***********
G *********
V *******
F *****
B ****
H ***
J ***
X **
K
W
Y
Z