129087199121860413
95342016024398
644125094991035996107569510798723471604576956336711566799563
423569795387
7328486952461649869985293759364109693113506101
53392551297174274515492979478576648514578270840466
36447363126014815480300150874562698418489906120514401
5574904396
786925810647
8314301899845
663180619271491101725176943591317397529810688775013162522147178
687929405045965457702078923028921141598415708872716575311948
9091541254868394033654996477694020041105833608717443481179977831707873534113862692161426
94748703102865028574389552085163875517321221002208129605109769921517567907119410333
1128440376984440297252973955506328436478382258509299372717410283839010
46041140070658282266804709257288344983905780264254291800264
705025104777182861352284961537600365274999088826293600976485902639639
378212104104321237202733118978346500312789588471012366771361709773734425711
7328486952461649869985293759364109693113506101
8111382580
40595466454246957142251141913554722353733699031813353121
546311494650300652244951999185348687246599341699379
84342479928291321202403365862425849619433493
162000334390935
599443548193452180740063594096992368675318212473365318854310475215121
902077165617340253383918647005809213972972126672638883495605
5142718553910577130640918954582502618843850993673055
3568780233234907020885836405912251175846756887552
4942653080009069586107384
9315170015060180118401825144389066039615567592904325238083073164840065833880094693734121212119
60658367537596471533625705255456264892
56235340142262211042292373790782449541646292204307326278708866229460552682
1128440376984440297252973955506328436478382258509299372717410283839010
735608574320988
468410319180518753102466447806527952426052126811000213297812312314395195365230
57240995208743118070966255154228454886327436500
3904721426126366064154971378205219277058077320670210971
3058189769097634877632150636412019851192785135131888295933713412135354895890870342236861908815169703
128688283490788036908398933119308625
81012723919565272188801678036952359582349058835441
7306450657510831428810527066974797100570308660353653348019926007699507736721250700871
9872620438610191292474022221450508838
792200201972849532740287099791902675890775393637
852499552647977610943888061287406426
902077165617340253383918647005809213972972126672638883495605
2932641974080874237142289220425240852842001210261350219
7629371574383284349087556882
459713949222604630148792948944487695006285103374474399427146895688483583190361855
84677120574454982590989578116726327602236266091757065008755428090195548313732956385
720795530407178025883775464556487805197281507304279609455889342416259506391
164703614192198653381939632794549582666870229553786941243449085229190888418
57240995208743118070966255154228454886327436500
6297483826271430
81301441681167356445695761850266946489136478307854258
908050336029236851560891856275427608559521274007
971394904726473516765
3648495982421240241124842092214831964870
7328486952461649869985293759364109693113506101
368324696460013990233548491670531518678423215570
8151062662527
180118066120409824885149871807382780137775046241093712128056444
885148865007132814
740959844473827592576624
3578556686786470693941162604588291720369995168
15717580902518163810404773218787691869927474592130226203422155170604
426312485761054946955749325144676191906227853941964858927967014407
903835643404334932443
644125094991035996107569510798723471604576956336711566799563
27235326000949
91941464823882332443797574839549293599829983704732452
598740776714524966865587631757550062665341429550
2775339954866578000283085505358813385441904196164332575307685
603555277423302264870782319418562123550049830289510403
1600612855663154878733306015381647444980400214312841
9091541254868394033654996477694020041105833608717443481179977831707873534113862692161426
35797868832823055457814654106041907021039873569469291144063
28581268529068588
382912992756014960502707314630
6717378252594530427897637828520025510500942733
99071343979698298488834959537721289173420659520768596829888050136081073960206229268169762981
612310006274337722937435360088402661792898822
675933665886554970206128202609783818514935598377510453
658757753614746475056111021867045654865127730338103896939954838207529751227993412366821
9720224690169984471244896998098830527657589430315438879200416163246714333122794274
492915922905141123183411145510643881245374595368517681492137657875473699831840377797123
203520949929935161596999513532559728032984010913496782
40595466454246957142251141913554722353733699031813353121
79558079093663677220449440868448596797084451498921225975597764501447
7584119338252728124358308
8971255048516511286569590916833236573962454486144822657894562095079417027080040845716431374511848
729298100577611716242482162
937840713787374619312841516776977604752926648476196275071452013265197610
808653265817160762654467
715403491546262364342370142853312
3043229126260
34276398263118449269336112527681005636330066499896454456591375055118292550225440943854674729
30577849701144909799404714243
663634275888858460569645905822283467879677853503790140683731
76972093010677084599601802636650046837439597204848368420991404091720955403061119312837237388249
84901543049413274919096602884697742033451983084162761922979064534821094
3961938586967977716119682274352488366429850978365848899107267096861945363041978803489600
3904721426126366064154971378205219277058077320670210971
95002068458695769380188311896776078517968363857775091782695537466
74022087190264070211382862688810328556324360389999418160560010937012124240207071905010
5614069715822693161012154749701695348
604833830964950485633638759897208439770261099
444167015827250691092
6591483549284798441060562995517723
88020694002206613
1199507380778119323848490326881920625356554192023476059172145571455767473526062181383381726900
18631380501460875772966142963778796642481401618699098009480812916949396150728829131022
2801662298233262215017616974105142554
2397185597477379167140048819602718476042838
1734916271585386142489046143592226318120706238923667412741042967902855382274
4738055604481252110666905294333873067