11500
11000
10586
10332
11000
10125
12376
10449
11700
11625
12000
10795
11648
10500
11997
12348
10875
11340
10750
10875
9625
11970
11352
11625
10449
11868
12348
10750
11970
11375
11214
9828
9954
11430
11250
12480
11625
9880
9750
10449
11570
11000
11750
11625
12416
11557
12065
11088
11250
10287
12384
12319
12513
12474
11696
11750
11844
11125
11875
10375
10080
11684
11172
11625
9782
10750
11392
12288
10625
11481
9702
11904
12544
10080
10750
11500
10080
10112
11625
12000
11844
11790
10160
11875
11592
12192
12236
9525
12250
11340
9875125
19375
32893
27216
17653
27000
24375
21546
29750
35910
16506
16768
36750
29484
31500
29250
18875
23875
39625
24250
33375
25527
27090
25273
27750
27776
39375
26712
28750
25074
35000
29875
25875
23250
20608
31375
19656
43750
25908
30250
21844
37296
45750
32875
18125
41125
38808
40513
17145
33375
39875
38250
42375
29875
32256
45125
17514
29625
34375
29125
25625
21930
30375
46375
24448
26375
43375
46500
39375
17816
20125
22875
38735
33642
43625
29591
35875
24625
26838
17766
37500
28625
39250
17250
28602
40500
44625
26924
32625
39125
33875
16640
16750
46500
32375
40625
16384
41125
21375
22784
31500
39875
16768
28250
45990
32375
29375
20625
34750
23296
24948
15625
21924
45085
24500
39625
22875
46494
32750
22302
32875
46125
36250
20447
32639
18669
25704
23500
45875
22352
42500
22625
22932
23250
15750
45125
30226
28250
33750
31625
30366
28980
26910
40824
34125
28625
30875
39375
35910
31875
23436
27250
18542
41500
23250
38178
43625
28702
23750
27846
28800
26500
34902
45212
16884
37800
44604
31750