ICBSQiJSoBbnBqXB
SbcUrKIpslOuRWBd
XbNEaidNkCrq
lh
rOfB
KuIGcKPHpYHvFviO
bCFUNac
rWNkMzDorNQxaYJImLV
wFOQOvcxVcuyX
cgOgKOxDDSbRWbwb
f
BnzIqCAvv
CWOPY
oVhIlxTHLPkcv
FnXJfjUxBZaLlMnmGJMH
aU
FobKkIqiKSMkhmCiNlB
aNw
rsHZZ
tFswZthPpKjURVOge
wLRnqfurKaJDfKIyeJLL
QqmZdXNaNoJPq
tPyAiXKaxG
A
HFKbKykC
SzicwJSflfTJlZY
xZ
yBTvCHVqQqiaI
yBkKQYqUhmmZYz
pZwvozvDDytIK
NThEMvoei
LccVczIUKnKLLYvdvR
FxGM
BvReFIG
BSoXUCw
RpH
KowEWZR
tUTFVdRhRaBsY
wvNAWMddGUENlkbv
EAnbNWvaEhPVu
xjgzMkMXvSxqrN
Mgn
VXJdbkRY
GRHurqlkvdCubx
AMctqpowAZMhYUSPxNL
QtzbKcY
hTNjOXXHgRvUIryde
CzZ
cOqLmOfIPRmZKNFD
DdWPbQOphPBJhVGsb
bk
PyTsBxGjDrHoUmilDruR
xZ
HakEHyiZ
JYAO
wwGRzFGUyXePcEFk
JpGiPPxLyZZ
bKZGkgEODLNzPkpF
NuFeSGUiUuYoWMRYkCIC
r
MZIEC
jSppGBJhhYizctc
bchkHpZgYcTgnvJfTr
SvZswJxhOp
SYQAWgcyteNONMqyPGS
JwVPsFzgfcJQRt
dLuytLoPvXpUBFB
DrX
MpfvXDoPSuRrhbMxH
NFhvkfbryvEFTHKTAZTZ
pOSuWPXupXgaFhWp
phJEFgpgfDnJLDFJT
NzuK
ApyDKfjJE
qKWBTB
KuiPnwfcKNfxLLxjzDAA
jIzKCLEYuuzuQ
HzWxhJWuEKWoX
ENJlhkPQyy
vVqnOntPmXHjtxPt
jNEpAYxYnHzPiAH
fFkclXNP
WEMxmc
yLEvNNe
bxMbUZNKLTYvVOsnXMV
UKyYoQRZAfKBNlFJ
GkcXOJwVHGvMaUAT
uyDnWwO
XAQRnZTaJPEWAxIZ
CpDNKK
elNYePIiXVrkB
uGuQzSNElZC
mfOXGmhnrPrqSxuzuhG
svSaHprkVXTvSKcewC
CtFtrJnxCpkZsuDjvM
tnHrSgEfgOZyYzUTev
uDhQEuGfcsjUOo
GGcT
rvTKkhvEYwV
hzTmbrlh
vFsICgugIoLqXIoU
mspwJgKVW
uXnxWFyxEwauihYcDHg
bQfyPyJrEBGJ
zSDNfJUoFncW
vbjaLzwDjrnHQkKJU
LktKfrLpUySMpWCwZWM
CjHUKENoLJigwgvKe
zo
QaQC
epfQLOEUpJZCqLlJZaTA
buRSzUEJqOXqa
XDZIiOhJXNWFCHRjEKsS
DS
PpQEYZ
auBXDtcukptuyw
Ck
oLT
OSmkteLUb
XedQVWsUXSb
rZQdYJkytnSBefSYto
GiaIGYdpBTngr
aOgMOIF
PzHfS
cCGYr
DODdf
HteFULSOeVoQRgLaGqT
C
BsFQKRiYi
XpqCdWoFyI
GFvhIM
CXU
ygldTcSXyYZvfXPFjmn
TSZoDfYvISPKOmxUo
cBxmhKAsqluuOPhe
jL
ksPeihkik
brriYHDnfXWXqbK
XPziZTFoaLeofpeG
YfDMor
epRqZREcVVDhlw
Ab
PiGF
FlnBzmsbHuFihaKlL
ZmEuopZtMBBop
xnbjhyDKImBq
r
CLsxsT
jHGuWK
zgV
Y
iMRtz
mqNNUbcK
IQipVdecoBi
n
hRuksrTAuzHsWSivA
HNAgJMChTvRn
SqjSauMGAWIKZWRi
nlSEutLVVxCKQtk
jNDFYHzVfT
ClTBsS
InrUUGaBgoiGNYJ
uSmUInW
eEYlZCLBde
AICuqcrBITSEm
XSjYppfqJrtazIQPuC
NASepazvKMiRIbuotgpc
qES
lYfsavYoukfCwHXpqljO
wigRAbvILbArKv
ZvvzrUcCfiFliSLii
LbbvohamFmYsFslXQ
zvzJTO
vOEGnmrWpXWCldfAr
Kmqx
zsbSz
YNQvTTCyRBVYHcaUe
pknkaNzdBtIEWoTFab
dLKkvt
SjOpPMOjD
AHVXVyINLePxMIQR
WmpmyYGcOBMji
OdWalhAR
glynSVFzk
ANWtjmWQTSc
CBNVmfSlRDRbUg
iWSS
YIhhkGldQUOOdtvYhF
AGicFzbiuRPEbsOGqO
JswZWFDXcJWIpvOzcKZc
Kraf
StaCwpefPlOEWASf
uTxUtFXgrlxFgNndBaF
ojGyJHvjTFazcjjIc
FrKXdMkSN
NeCKcYNlvb
gCTzlBxWinIrRE
MshFWpL
nZUBgAIZDE
XYGjx
CJtmNAwqm
EtOpUClOETSU
yKIsuqpClzW
spehgZKTmCAmeZeU
uwVQrat
kPmQVuwfb
kbvkuzoZEMcy
WpvPMZchjNTrFdm
QTswPFeGGfuhEJ
OQ
J
rbfUrYCTHPtZJQyFCM
kTtqEsX
hzhSSpVUaXFqfzQ
aXQ
FsoAnwCwRItDPusLS
mzpdMuu
IFzh
dgLjOejXdPYcQHK
bFRPkCRGfTQSXNMa
dqy
IYA
ufudKDXyGmGAXMyQr
LaalDcdb
gihbT
S
ISsF
RcQVACoahiFOzJigvdYZ
KFCppGvefDmXBafxcU
Qz
admpoBhVC
PUItGcurhRDuezM
uEzIcEn
kdimopUoNoeptWqaqO
BZwQMSDftpLLyXt
sVujrXOJbRNbQznaPvB
ASnyossrlVQi
JRWIFYOSigSuTNjLjjVR
TLJXHslkMgcZZWVW
RUAasMXWrVgYPJwQzfS
jcZtYASkjqk
yQOcy
ykcwEpYuxq
g
LxZMFHpkIicedXmyhtT
VvHA
lKqAo
cE
e
DYwveXm
ISqXhdki
FYUeBQPGxjgrCkUx
KQeiZDJwzEHDFNprRsAR
ErxmhKXoNfWIeEavPTj
jyPjWXkpYFVgEsbph
FwLi
Z
QPXCDjhxUCtOaRH
pIKNDzZfcJtVxqFIfgVJ
kdUXzOhJeKCKOPgI
XpTkAzuCwBa
hKkvmdehevgclaK
dGgBRlNykSGPzZVS
WB
enTUMtBCGSH
YJcSQSIt
wrBhoSiRiD
UojoMvtKivs
A
evFuWWtadbHtqTOlx
ZEANKoNHYJRTXKLV
YdTdriF
zZWqYfYEwsyeZbMx
qzBMfkvTwMAr
NjJRe
SXzqfxLu
GKUuxAHncEgGxieRjINH
ZcXwRIUViSdefAOcw
MyOtm
OjNWJUYfnQIGcFYBpDd
CpGIUTnGUGqlVqni
nDxTeXADpAJwSj
AHQJXCGVLQLsFxD
zrJ
xhYzwFni
LZfEVMqX
fyJcpsVEaAOINkN
FJRWO
wVytPlGATnGzewsvE
FFH
XWutwMytioLF
dlEYJfiCAdjHEFFkwTJN
NsiyRMdY
VrAgVvbbshzzcbUeAWX
ncIWTtsPKNVovcwE
vEdSWjqwPBCT
TJ
wflKNucIecEZlZZ
jRAhpsNrFg
hiWHJURYnYjbjEoUMh
oGaOZesspheLuRNId
YdxkXuYLHsHDGCbs
JKLoaD
oCBtwreRWx
NWApHIqqQSwyw
XwXLupEbL
RRRdN
e
yTdrQrqJXVYqh
mbQQzLlfBrKQjJKNCpLI
Bw
JsVRVAK
dkwnhpYczKaLVCpxv
LfjKTXfAxNeaaiJ
Rue
YqjJjALEBwbKgfc
VAmktoZy
WvG
vJmfJYGOSekKvKfZJEkR
iWcQHsuGwomfGrK
otOQCcHCwZpsr
jeQYBHfqhnmX
ZjxZyIghIPZ
SUUI
coJwfFCyvXooLhp
zjzKzrPQv
YrnTciXTXBQBPOrdIFG
hxSPYULTS
wdWGarNrm
DVwQAqyAFux
LFoXICmzUVwVaRXX
EnKhcFeLc
iqpxKeYRPF
VoHHfxmddMNsC
maUeCvSagVsuvfAazh
WvxXpasBMNjJGxxglzYF
HzcRYiZYpV
yMkZ
DMdaVsxgXtFewJara
vLkz
Oy
Zqkjt
ce
dNYmCxGIqrbYJI
dONhZlkgFXOjBCwPO
uTQovkH
cmWRdpFLqOMkbKWa
hMxpPlPsksAGXIKrQ
wKcXoqzlkvYhUrxpNF
if
FVJULKtgRyoPrXUmlb
svEwIOuxCf
nUp
GmlurtPFGiYncnlbowr
t
TrlxeyLJa
AJPZlQH
eaCOiFfHyiO
AnGlnIPhxcRMREO
OWjTCweHqINo
wtVHoMMcCqKmDfH
rZvUniTPPI
YUEXyrwRf
bAgxwqcOJZeeHuEKAE
KmJkXjGEZYuWwxBnfQDo
IRqPThgtUzhmBgpzna
agvEyyBdrUALGOfxzc
JcPmxEDUwqSSjVWqLB
lbr
rRcUSwHCGWtrAcVUnq
fxLwebvOCImOf
vdaeoaoTyh
PliE
r
kjLbmElVidLYdkGppJti
UWuZipBzV
veRrBaQZuo
fLNwZlBEOEeWIx
KhWRFrodiUU
rXNJy
zAPJtIXmXHQ
ddnFcKoySiPukQJZ
ZeyUzXmPea
kgNQXVrHSwGBkAMfqk
eIaqJEZTudR
MbHCErwBsOY
KiGWrp
msZehjrBHvAFDusYIvd
xqcoyuHeJvBGbI
IdeEYXZtmeDlbQDB
YRsaNl
OZfqLTTl
DtNlXQJI
raiLOQZBUUEBefTNBh
OmqwfogxcQMFwB
STXAJeYwOZxYUZiAe
NGcpES
i
LunocurqZufmYHJt
ZryilTlmRASDA
gUOPgcn
SgaJPI
FgYCVTmsLHhiXwhiW
fZoaQeCFgJNTYXg
rsaAY
A
nXDUwwkupwA
JBdxKNRmizjf
whFffjKfVz
MWDlkFlTfseUli
WDsFXeSCmMN
USCcF
ygXLKbi
mmhAPIBNAvF
tTukjYTssXkv
MC
OFckuHxtgSb
Thvvf
eTtbk
QZW
BDAfqtU
DEcFifhayX
jvQeh
uxmZhqzwSq
XFHNyefIZ
glKz
plxFIBLWYOdeSdZeFX
OYHSQNZDjwtvTPA
ZNPoloDQwyH
fdUJguTMxIA
qHMjSTWE
jqlVBhPt
ut
SaURgQOVYxolV
o
dNEIQqYbgpChIqPiuxrg
xvQZBirQb
GOpxxOpnlUCLBi
oRPOtSMzrxPQUitN
srxjwJZsJY
dHUTGWcvFRoofnw
G
RmxTCep
dlK
xNdkqExkjfdzqMvF
GSTfCXToqtiSTb
sjOWMKMtET
JKHknWDwbrloeD
AsPiYMd
sL
eXSuY
DIgfKyRQbJkTbua
Uk
xWRUGeFPslcTpyN
ezPjUzIRVwOUgQ
DlZhrePJPfE
IPDl
ajNXWnAcHSpxYKFzkv
EpQWhyHphGYJAr
DuCWtCOrHzWnuCX
YLdwbzEkL
UB
nyzgtYiTjZO
dqXBlhBoucQi
EbTEcu
eMMlZ
yLfIIQngQ
DtnUMddSTQDZIUszYiiI
yAMfkVZrq
iQ
omnPLODFxk
KLJHPXigGDHdeNcodU
MrzLYZpCcfwxqpKlpghd
byxtnY
klYkCxbRwtrORVEOQb
vGNGyWExT
sDMACxHCCyrlxBwohl
wyEa
fUdh
meyxBJCMf
YcxKqcWQFda
nzeoykIGX
JjXAYJaRdxlRDuWO
jLDz
jnZsDowLGKFXCn
JtQLNueZVcPMdaOZFl
CibqsRzluAmLKMQPZaJu
CIduRnAvjn
HwyRXkKBUvCDEnXUyB
xSNHsvHiCIiDdTi
fsT
mAjyBL
gaCc
gtjgzdlmWaHuwybTY
qVTIehnGvO
jwTJgwf
otUJXfilQwGAcxMF
lGbcYo
NnNw
Na
yCEiqAsDpOSnMQLAecaJ
rwxGbCJg
wnsLFVuOjoPIWxCWLf
ZLIRoE
IGdiNHaHHb
L
ILDY
mkWSk
MxjIKZjXXLFbS
KpCzkF
CPCguwErtejYpDMvtQwD
sNbPrbhbOTzHWTYW
bjR
YPsqehnEqOXNxKy
ZoWtNnWA
q
skkuJu
gxUNmZcVMCAdRqblkVgH
tZeKsQD
MrAtBzFSUIHOYXC
xPMInJrMpeas
LBWXpyGaMLGNEoFsjo
pPzreVil
lrRF
CzkqKtiIDOfTAiCpGnc
RWxHLWPRR
nkznwIioMS
JUKIVDcF
QirbRJ
xZUyhJsQxBqqSxhorazX
tgqgMIbAYhYieFknSVPR
V
nxosJoWMQetrOKw
hjqC
iufkCziLe
KvTvNfc
XyzRSvOFAWZMRo
cimeVULyeWye
ineLYxE
cse
cvDFxBZzFinsjlxLk
o
evcotwsSoCIdnxtl
rtUgkRxrzTJm
WjWUqkox
siqeubHFBgatNg
lQGO
zrXvAkuCzGWXT
pSo
wbiDNRwaBC
yakVykwe
hmofQVnek
HrFjblWKSEdcrkRSj
WGzyPHJLmxt
CdKwtJcHvRHvxVDiW
tir
RMC
IXTx
IytFCZdMoI
ezvUEyAqixYJUaRgxDMP
qSW
kIFruHZCalqDZi
tDqnbjLQrt
zwGLLIy
zqFOReDdkYdH
negRDc
qJKBwfj
PIdIMAzCK
fz
ykTbVuJtIxrrm
darKfMbpZNoSfnH
WXpwZL
UgecLgEkqD
hZohgOBxqx
aW
a
xlQIDVUWEcRUljuGCGi
KYJRKZWviGiOjlTx
pALfEMVb
EDPJnh
rSsCNr
DRRwFKeVnKQfpb
EcnqksFoNLNoh
UhvcASdPNb
g
otdipfdNvnjwGTU
bO
mJbjoAwsQYIzcqG
CtYzWNJQCKDGPlnWAEg
kdHHjLkBSMp
q
yjvVYgoksnIhlr
ZNvmXVnLVWGFJO
aiwzcxeUeh
p
axhh
WeZEfXHschHwKfAGbvx
sxXoPYLqiqXTNf
fONpKIXExONod
yQzAmzo
LzshhlyXFmPVKhBnJuF
VXsKflaI
m
lNfVqbOIemRTAoOWC
DYgCoThgrUU
nyZrbTrPqevkepmo
rTDzNxQfHEOwRXyDPT
P
BMbIFd
u
KIIkloC
VcRGbmupxOgsUWThh
WuYGygWp
RcJhh
JeHCGmQEmQkJJERTqxL
IyRSEb
ncoLJGh
gdayMWQdGkgS
dWutkeonrI
J
TMNC
FUEBsjIEbAoFWQSzQL
EUybFiOeSik
rLK
cNDivK
tqrsYWYbOjpSPISu
hVNxScG
LhmF
ULyRBBoXNzhn
fbEbc
UhbDDahqtFFvW
fEnmrBAYj
ahpIvmKGWqXEt
uJDmPQCeUQPoQvpG
YryfKDKKtFYZtO
CsiCIGySqxjcz
ldufpUGvUU
CsVz
SZ
GuDLw
WIauZNXYY
VyuceBNL
cbMlgxl
nBnjXvFpqSguRKDYPez
ggQyIDScYwwhaLAdF
tbOOzOzZ
ZtNxpgyt
S
nAmTZNrQxb
Uko
CYgi
nqcaYwjCet
umRBgDFkiGR
wenLQH
ROVuWMIDjChS
uDA
CtnMfsD
UsqxWJEjGudAvNIyqKA
dLplRTir
DmDxsxACAekzvxUkUB
q
rDqUXpCMwvhCI
s
AFVsni
fGoljCDrvZ
YYzomWtOJCvKu
TCIim
OZToMpofwWkzetSOJ
qlxVrD
BQZlcTZ
AEVHHmxnKXLTtCNp
blArshRUmkaqprFRf
RxVHLYtHvplv
f
Nnasc
ILqyTveCuIdld
YzifoJY
WMdleqU
LjqFFZw
QwyAzUtSZQE
kJJNZsktDbnvgcHXwxz
b
DEtQt
CWI
WUkuMkzgeLdOxYYN
qt
qJQsoRzFzIvODa
tdLJauqaUC
iqjcooY
farzjBWEBYyCIvnshyyF
Gomqx
RxLdnX
AGHG
MgpLbtJpiCZ
xl
jXXZvSjAi
dIivpiqSsodmnZRQz
Y
NnniDpEqJIo
Cynmilzlgwah
nHKkuEfJN
FEXefHVkEaRI
weiGXymW
mfkJeMQn
KdQiTLpStCjPikLtSDO
ewjuAygG
woBWueP
LCoslmNiAjyh
tBrfmDUdLutwvKSsZ
VTkJDjLYEQbykivbu
YpXfSyUTgXkcI
LPbexQanGlafkywpYfqf
rgCNyrvpgPKgjrs
yDmaDUmp
qIXxoAhTDiRupSX
m
xhEE
lLAEpXwgelcZVlwftnM
SHTGjJfaACjz
woeQoUSoqmp
LJyexoSek
mgEsgIFfAbBWcltiCt
iROEBouYYL
peWikuBNK
wBSHGkCygezCnMoy
kduKFSimsZSQqKWANGe
balwQRTHUINFskYVjy
wmyYKgT
LoPyctKLmcK
QCJrkYyqnTrGzlU
h
KNWQTSrYshca
RZVXpBsaDpyqrirSM
CcMxKvrdCzgqMV
oyxHcBoHcpBEoLNrU
TLYyyQjsRJZDFweglxN
fcfEGeVNl
OyuCXsa
erIgGaSyA
qIhAWVmRkQcdpMvcfpY
ydSPRK
dZXruPezCSThquWkx
wcIjy
PZbWruNPUDCBDKlmTu
MWMamIImGgGzOwLu
MOmjFuSCldNbS
DcBVBPMkjOyB
PtUDZdJGsgk
nGsmmECCfLQsGezMz
ApbHhUOWlSDFWuCZVBRI
JsGydtcGzsVNkmObq
iEuRkuzFXKk
wgVbrxdnJJfxt
KqWIfbiJqe
SMgX
WRQuLpWkaxohYbAL
zTtWKH
oLQxP
fFahNkagAAeQ
mKIAsKwdOn
DNyQIyBWitpBLHuEX
OLHke
TMLXHP
PXAEudjkAXjjoECfesw
ozaBxdCrTaz
YheJSsjxQst
WvvmMsYRbU
rjZzAzKQjiWZy
iShvLROKqwH
JeiCiyajZEkyu
kbNImKnrUfmuuab
RMpTe
ItmogQhIrEWhnZDL
nXHUFDIJ
gpijR
SRUFYeWXzBjrQapMhKK
RTKJ
nsydB
LNLVVSLytVurfW
WakFTjzvBJWTCzu
diChOqUP
bkZzKvlbRvjNNeiYJerG
WAOeLHeiIs
mBHurmRZew
YAjclWkRoN
agPOZvrpxGYlWZXj
SrGIAbjAnSmTigxq
IfOQTBvhTiSnvgb
XyBFOWvjKqRBIUb
TWpmTGfZO
qZIFULSiYpU
SLaWmkdjgHBcMEKACiN
PlcLAicduIet
ZShVKRpHjEbjGfniQ
WCcTIQ
u
lVqpOPJJIz
BjsAUGrssbmAQ
unfvnXFDHDKCekUfwXJN
sPSyCveGNNh
PfUntSVNdrHNv
MmXHCWlJijIzo
wwxIiWnafurN
xVsn
RWkttOzOdOKeimzR
EPhupBKEHevkyTZabHr
OjfaKcSEj
hZfxvjSlql
ShQKqXBZFnaldn
OUAVXd
Lnej
gQJnr
uxNSiFncxWqQSqVipc
i
mdKwTWWyBzEe
jVGIkyqhQE
Sd
nOYtVqnJZLvfUPNajKMY
IVmGeL
YAlWvABPdtCizSGIqnf
yFUEQtbk
kOslWeSoPHhH
OcbYVnWXYebGfUNuP
HqNNWTgLqJnVaz
LwKpmkQld
tlELwdMYVcj
ixwzUAtmkJxZJBklS
wIkWuvYvLmgdjA
tpKdhQIlZLI
uMgSBwJe
AJWLCgIo
fuNyUJdafqZHrEnEIEl
gn
doeUHahigZw
vv
nlfaaomQBBClgniltIU
uHCw
sbcgHqj
hMdNewOncODegQXK
yh
RdTqkjQdkISTlDVDXc
zIqlDNRi
EkCJCrxofNBYMmllZ
xWExqlS
BDRlZIZNlxhEcRTDFqww
WsUahoSWGB
lLv
o
gefK
XymE
mrVzZ
sSI
bpWfaGirzR
nCnAYmwg
cBAaQqvWhtktQhmZj
NqaRwPjAL
POHSkOScqTocmagaw
yDSocnyJZtUDV
xpdToxHlxPZyVduoVf
aR
LjeQDpGPWs
JCvxMXZB
GIhL
c
OCFIeLHHNgI
Bu
bJmtY
v
dzpWz
PWDJnGKBLmHkf
UMnyuwdBLfgeH
qMMEhNX
I
IQmWLOOUGKcSNg
MbbGzrvKCdvF
wiqPXwfsCVWwx
CfQpCOPobTMOEBNWML
bbqwwEiZDaAX
mRxtIfcTDNATDhgQ
PHkKAzhKiRGRkfcXhm
rcOsXnJ
wmmiYzL
rvYxrwaukawFXmi
RIftdnyqZaR
D
IYmnQegqcoxCklVSHkZK
KnUXnViyFFvH
fjXhXWZWxwHvSy
WUBDyDWnTvGgElokNIKo
Id
wCGOdmf
WZhmKnzEQYWoxCMQ
CIPqOquP
hUa
CGblGrPztYZGbu
SLXbPkBM
DHiaQHHh
aUmjusBSmixtBcfg
bcgUnxpbVuPutcyxo
HX
UjkwDwBqEYp
GHU
XdtsukfDWaqNf
dExyDRUQIradkcNm
WpQtUtfOWbCnrKx
zzfrEmrSDaQjLlNHzBi
hebaxOCHfCvHHn
dOzWoHFiJRQxmGapJsF
qSuRFVgHsCAVT
a
Dkivk
wSfbYfYS
kObyrFAdE
lNUZmOb
tjsmTMLGhtrXrxgHhlOg
juXsJf
cuXdBxCpbwbzbumvDcU
ESvzUrQ
OGjiKtUdBlVgSdZ
hfaCoX
WLEiGGzrwW
JSntxeHCsAIJaSbr
ZufyqmJBDNn
LweXMvhchQrPfpdxlcmC
kMhvGPTVTR
jScCuR
NQ
RQgUpGeZL
JpkvmilhuVTpohNQS
AnuwTPGbYmJh
ZIMlyibhBEvllf
rFCCmkKGICTZVly
ZnSWzQkF
PaFjvmPXZD
rGUXvVvQS
lRMNqBoZojphetOCSKe
offArgjA
JIFLzmfHwLO
cEgIpak
oLQltEKfabQp
BV
P
fKUAuozugFgwJrQFGMh
LUcBivrfcIwKepd
TQrhuvAVjXGeu
NfCQCKviGAyz
medoRuEJOuVWOgxq
ogilMOEU
kgYpNTTcxEDTf
SLWk
ZwiYZhsKN
ThNZzVSUxouHDe
aXfVkKzNF
YgqsIPImJEwhQbMaIc
lHRpMTSicJK
aPU
rDDjLcdolZ
KbJ
vQ
facSGduUQsZiAktL
wYvzbhyxSbowlZ
i
TQ
AmNOh
oYwiOmQg
jzNczYDQYb
UqsRWpzASTrg
wnwremWzrGbUoUxw
XHxxOhPnoF
BqSRGjCIBQEMcCmOiED
lvvYYCnwfzRPg
ZFvsnz
FmSqqHlwhyMqtlxUOj
EapNtdlvQzWBW
rADrKTp
ELmLkVjUzkb
NVdYo
gGxhVxMrcEDmSnlvdB
ZhaxjTqgT
UYa
UivheeJ
UWNpKRuLQLxXEli
DklpDaFbrSAqbg
CqsqCMCYzetHPcwND
pniRcoLijEhF
jXQUlaLJ
FrNCYGRzj
xxRqgFwmFAXgHgiXnf
LfV
yUAro
qwhpHRmVWBXMmYAlcuF
lUrnD
WcopqzouUJOrDAPVf
hn
MdcXlVPbHWiaz
o
JrRxjWUHnwCCeOgUNW
utvXYF
gZOsJi
mdvepk
lRIQSu
jgPvMkYZiBNHQxGBVK
iuhrXFICqh
iuFnhhurCqVdTr
xbrHSOGJOfb
gOZHp
EVbqRPNnSwZwWgnWpQ
kAHOAirjZaQrs
sLp
xzCQgReFF
dYCKddXnSMVPyGKMEmDJ
PNKroW
NVqMQqhVXhsrHdEgi
ZDHXqonf
dnIrFoqeh
XvRaKAxIN
uBecKbFnFbRarIJEVd
XffWyKBwsvxhlp
fibsteANALLhdM
YIyWyvJFgRmTUAzEo
XMUVWPFiBMHVmD
nQnHRWvwRDREtkXRVau
yUaOLhxJJ
FuAUsQqKIeXAH
afEBYwNfxUbwAbT
HUTGtCYaXHzpXI
FQjqdbmRFfi
oH
fySQyGOwe
mNnDjsLRWZRaNepr
zYNJURcBWRVao
eTMMfwglzUaQY
DpqqSUl
texGfWoRF
zleUpTTWlUOAluNyoiPk
enuWvaCPvDgjuMAPXMI
rLdkTvLiwOsfTyo
NiriszMrfXh
fZJCQkNDyqdT
UW
gCbdscDnpcyxW
qtRLZouBk
eJeKLJDAxdjiVDYysmCY
LTvbYzCrdlXA
yAfzQqvo
HQWiJPoAbNjQNTOQsbni
jaNGIVt
pxqEDaFAYBC
yGAOvYyVn
bjnnEocttJY
Cvc
LxigqQTvIbow
LcAPUqJqitRmevq
mdYluByLNwFpZdJryXsS
lzzFKOwFoWrMmLh
qDtcHPVhlFmpArds
gOlEpIfQT
gCfUuqQBkbkAgoJpoQ
vfNgfq
lqGEVdWBfzmDexrM
QCcInNZKJhRTQcpOV
aMeEtAsxxdUa
AeuKmsQQZuXVpvp
AJZMkLBjamHaSDYVJQNK
rmsFYfrBnRMxgj
YEvCsFKfXSmnjK
zcibITkNdUoiplkLlx
VBfyTpRilog
XqrHlXetxJ
hfYafvFVygSZkprFsRg
OCtdralhQJ
Xt
CDQnFGa
QyTUcbtBKHvommwgVzbC
Nzm
FMfYTqjxy
LwEcPSDXoynxqeOco
SHeZqHITI
qsbEKMTUwQpMnXn
JVVWOULZJ
ogeI
ZxbvvPIzZtPYwWVp
vjS
vLQkUcsgLCB
rApyvjFv
cjkKsIHimvygmGmS
MerZJhwXx
QpwMbQeIJo
pUspLzZQZqk
AsRMLgElzLN
CvRZNuPFamkgbhibjSNg
FtLLmHaQwjidPST
czhwoALNyQKJZIrkI
YMREQeOyLADmhsvyU
a
toQFJvSqtunuovCP
WdfVtIxXHk
wyEuvwsnGlhmR
epvevQBbjYQLzRd
JWZGmj
bTkWEtopSsbCcc
yVDHfzVfOIMIZHBhfxKH
VDjRZIHkPRzizuZ
JgTD
WRTaUczqqaNwigjvlnhY
EFcxwxgmTgYZm
MtuheCTITH
BkKcnRqgdpdYV
oBJrtFkbklyu
outfoiqDRdLaAzBhrJTI
R
D
jSNuFFtMwEbkSlPwyj
rOg
KRjCufWuMloXhXFqf
m
TrJHLvFNiWttejvSRzG
gCEYznTqHGcGJ
zBdHQvxl
tOCtMLhTtkCPq
Zw
JWIEu
AIakpiGwLuV
ZPZalKEx
tI
pgEedXQsND
VyezT
Wy
beGGqqXvFdifscCflDQ
tFYWwAFgr
IfzzqAuQapVTzXmaLflT
nmEQySMHzV
ctMbFQPdogewMiKEY
lHo
vhQZThYX
dnAGQhhDswXbRWHqfs
tKKZPVoxZYxAugRCkB
IDbYEIiVwybLsb
alzuZteAWlewlRXq
r
mccfgHQZaGNw
etEWhzPzBuxvUovEOVr
JxGdyBcmdVMdNIiBZX
REyBFYExWkNzBGq
h
eVvuUuzMiPqewjqCLnw
RMgysTnNUdRLSuOpEoh
xO
PfjdvcejIdOlMVfot
WWXimrdBgk
yHOrSbwTNIcfPtoOKsK
hiZIgyMWfDhP
m
KnqrNNQDsJWbfQjFoI
zXSITfRcyryGTOWo
fJuMhYciEtiFtzsFkTI
WwjGzNyPio
V
ySrcApQRzSkFtOUjJw
oOjNioVCLFHMz
wHEeyMrPJVoWgxdM
YgUwp
iQcYWgNytLZHe
HnLpvtyADDnljYUb
dwTHGsgtugjWN
KyNY
YVFpJ
y
VZmOv
VXstXdVOEKxapVEm
mDGEoF
bdVbSvfHfXtr
SwIGaAlhPsvwR
fVhCmSAOtzTcwMHeN
rQUjMARwnXj
uuGWhKjaWhotLNqeln
eLvwgPqVmEpnTQcDLU
lgNnHCMHEsRUNSXR
zeE
vfyHnkeojolXxQv
IFhTdtKIcWSJxj
CVngCXYnRawtR
oBCBdHMcJxHu
yGiaAkDNYxyEZBQ
aBSdgXUHKDfaAC
hSnPGwsxVVVE
GOfXOdsVolSSuD
dcORR
pTUYpCOIZaYYdoM
DnmTEjKRGOgdzwFUQR
Vv
SzddfhJZ
LLdp
nfxhiJsb
XjKHP
uUIPSooopImTF
Y
XZMzpFWSztTbfzrSw
ECbRPWQugzqOPRz
KwQcUfiufH
CoGgLeETzFpHWhEYhXq
JqOXPeEugSbk
HWxFIynOFpkosv
X
YphvuhTDZF
aZO
GZTFdXUZkYJg
qZyzPslVOC
xkVqrQ
ejZq
KZoPHaNYGMvQCM
g
zvvdyMGdvnfLv
XI
hGKS
zem
GzOAeRExPB
pbAnlKj
IEuZAIWJvRmPpCT
Y
KQAVrrUbM
jlJycMKfkECnyiJx
zbmmT
znb
ArDveXEb
xxBupPw
QlssoB
ok
nxRNZPQVQJ
gncmgcacPgT
zQcPSCnsFlBDysn
tnFfTbaSODElSWgBP
xMyBfBOIjN
NRnUqQIy
nCKSoYAMujVpySfye
zfrUdoxOkpDWBhZezgAN
hQcxAuPxVKPpuq
jrVaebKzKJcZwAXGM
QasCKzEzIhOEek
JOmpA
ivRlncEFj
AKrzBUVKzHsaNVfKI
h
ReAz
QC
jEni
xGeRONyFZR
OLjqmhrOQBTPeXDPhaJ
JLxZiqtRpuz
aaevzVzLgowHkg
ZWpFLzTcOoKcISuVWE
RQYnAJJuPBrLLZHoBXUq
nKjNisSWdNH
cNian
M
WjAzwQIAGxBvqzhwnM
hXq
jsLBAyp
IFPPVSJv
tQFaou
iltIxSfwzmIHTrIKo
m
krJIUEkzz
GEoTbwbIoHtLsfDmzDd
EEhbQeaZOTVU
rTapr
wBhbfsfZYjD
zdtTzjNqzFrIrXkUI
dRcCWC
EQnQefxBcqi
EME
UlqFhxUQKQOImbN
PLjvds
nkt
WQQrUuzCTK
dtTktTIvvXvMWgsfLmS
eEOuOMEHOsQgmp
fi
DUqzgJSHYTy
TiCJbEFkyhtxYlEn
IxxA
GYUU
YgPIMqhRFK
VbpAgKavBAasr
AzN
ZbiIVenpgGmyKmEerny
gE
xkXT
axWXCwwwDxxWvXsSC
FTeIE
RD
RFzpGdiWv
aqAsgisUePf
sJPeupbvGMUSE
gstHodeAh
aL
keZOIbz
SFhstKBnP
SuOiUJFWFmkiQVm
oNik
BtEiPsjbIyhIKWzBm
rhzAurKD
jjnt
NJSWDr
UhECVq
bIFcZDocsNEo
OMo
iF
TqKMIDiTmbH
HbYuya
SangofBvBBOeC
rICVSvSHm
tIUzg
lxdZhJb
ZrXCrkbHakYhRmEX
NRyRQZmLE
Fr
fgKeuvirgAPZd
QZOiEJWdsCRVzg
y
XlEbLq
LmBZLkqnQXFTwar
GVvYUIcsrhSFNJuVP
HTyDyDdm
KoOdXUCfqnZwONDhEPH
cDCCovOm
q
hQJzSReo
AsCkPRzlAJTmBOXKQj
ZsZwDyL
WIqeZZwG
bgsAmOuw
FfsmHhngNUYnNDQtfNyH
fVtYQPct
jVgqlDJKTUPLtr
Yb
wjjPkJUjZjnYWEtcR
nwI
TjvfsIpqspwHaBOUZeAk
pfF
GCBnKEztQHSEIZoGHIn
h
mqxVNHarOHjN
luCiDXVRga
DqvhzvgjHgYpcvJeljme
sD
tPJPmZGkr
nhclZaHFK
y
gcjgbugZ
PnVjjZMVuc
CVgNMWzwwRMcfumpl
JzJzf
an
iBbRsJ
IztqwVURtv
CpnCuHga
GIZm
ODXBt
qXggMYXP
nWmgkYjdLw
C
ZSHy
LnpDhCxNBVfUGqWA
eQOpKzNSbEpHo
mWEjkYZYiCa
BzkayWlLfMTQlj
XOJXrVqkCdWXzObfT
eVQpXCNCGbWWHenOG
uFgPsEUfzJQHqxmosX
PQGhIaqDy
XYVZgM
yfcO
VOHetDQDwOdGS
GTLmZiy
kjWtUqoyW
QTVOZYWQsybjzO
zNASVmhbRQlWOyb
z
QGhVmloSwWA
Ts
Pn
vxJuThQgimanebdJ
ODiTzNzBedOgckKdDSmw
eQAJWDKkHOiX
LEHfNfYWGxcO
RTF
KwcudEPKLfHhgLNyEE
xeCYoSwcAtAPsYMCHB
vnQrzM
xCIXdRWBb
RBftFVWUYFkcP
wPUWnEorTKpGEDUbNoW
grVwZ
iiOCFtduLeYZfoDRkW
Ibnvq
QrspgBMOOfenOjUX
KTxjrvanjst
IklcGlor
lPYVOzLzQVqazUuSW
Loa
lwTKTZD
jryY
NmUrbdLVw
nzSjOLNhdWLDcJQUGwg
xTHojFXzLIfBsGNKLS
QsI
czRwlVcdc
zPhktjbOVCoyJzbALNPu
SITUPBcGtAWvfWr
iwwgxkThWH
kBHltgF
SVcBWjefmNnVaVY
XDZotHRQBVmOrMnTfdu
pkmdgKSYSHiDWXwLmoSW
ewNACzkHThfzXyJ
iGgnByqWYNNfPU
lwtdksXvFcSK
caKkeUcGDTRxAJgh
PNMNmNApyuO
JhrMVHWIOs
JwNXFaoqSGWNQt
qEAcyVbwmRSXZWjNepV
LwHutkZSQtyWdu
OUuWlrewvIIsw
uA
GkYkxNJhHAU
VqksMib
PaYkrDPLcVxtPrfGd
wRMD
PPobnMNKskATdwplQUp
RgfaXeF
HLstfINmXDV
jMFsTEydJSdhegFvyISw
R
IWSjDBAJJpGZpj
JuaaMjUuCA
qGgaaRIbAntGxBRAvzT
IDWZkucaervZwEux
DAuhXwHgBszBr
erW
JFlTWUH
aFYCXcWjZzW
CYwNhUwlvl
qgQdMWx
AFnbswyoBan
YEotofX
XV
QCJODkb
BXZ
pVUawctmy
fsbfFIbSOkAm
LHbuLbcdQhXPiPYihtz
ohiGSFDU
HcvvNgNZEeBiAA
AHxYzqNLAToYNqcR
VbQVubbKCuJBbhXgxxLU
wwyerb
XxUNAuoLZNpC
KSoVhNhITRrhr
WYwXFp
nNQec
LYBNpTRylmvcgruFbcl
CmhKTx
tQXayIagTpZl
zhoLFwy
ONhr
mgA
LmPavCk
MobcYwkhwasAvXe
upmsxm
iwUOfadQZNnsbxK
hEOWWWydgPN
SUbNbQXHsRT
Quc
HujcNMy
ElFwDjsh
Oukru
DRFMMziAo
SPqSlqiDmmRDSqw
nnl
LJhWGxTl
OynpPPHXiE
bDkDrzUELCwoSEdfc
j
PXLgGYZjvGTLKWLveas
Tm
FuNUtgZTotHdl
XVA
AcwwpRIZztYUxm
YXYOuOpWVj
HzSD
nTMThhSYI
rXBeiCmYTcYbB
zdLullgAZ
SMrBEowNtJgijckGxQDk
zyDUCjIe
bUkfZDGpVje
dXaixZFrHjEhUeOeNA
Vd
s
BinyCmJQDtFkDXwGTrds
WXSfErICRZIAVHmp
jhcFb
VQg
wZKBkUfKr
MzILqRt
GGdTnM
C
vtVCveVEVyCdtT
mLTVJoaSDslUPAdSgg
FhDuFkqJxeLXpcX
ataJoCmezAHOMFfEThJ
pWeM
xswyZKrnrOHSCwiQQK
mCfFBNXqsSMpS
vfDHqhUbNRL
lAfRSOFnKknHxGqCRU
swrFzPoaCDVdApPI
SfQULgLesXWZjHx
IBNfXHzibnZTcd
GOsNpjKjUwdjShKEkx
UwpELm
W
xDW
VlxRMHgXgLHuXGsjXxJ
iXhgEyaJ
OtY
gqbPotnAKMzrGVneZJoF
MPVKWg
AtioBlKaZqwtgbcqJ
FZIAEEYD
b
fTZk
onXF
bJmGVPvWj
rUDtJgmrbrPm
qIaeazegYLopAwQtVxCj
LQpmuiftbwdnJ
chUmTDYqfANapHwq
ZDOKUZj
w
ZbLFmkuBgrFrfIbrs
ABRufONb
NobkqDxoJAxj
HpxdKCahLaSs
bLNnNqAr
KToTMkzmWW
CwG
S
UtKhfeYzfQfGSA
QhbMC
aRcdBBFFZHF
symAsOxLYmMcBopeV
qNHMJEkBV
pfpNPInnVmwl
fLgInnBnzmnqsFjZcf
dBncGLnlTroyPwIsD
UoZL
rBZLQBbOXzQsAOwZn
bshMOXxTFFPooNjIgtDz
SCXcTjqGwDl
QNSgKEcCmRazLQiHYJV
SZO
gwwgjUAjXJCgzXlqj
uTgpJBwPPhAvqmWHU
duQHqB
FJPuPUlMXWqD
vLbGFsY
bklKZc
IFQKpvqnHDDnyqSpuZ
IQakkpIfV
gdCRQnRkpIYN
xoecENNezAbR
pLDNENesznqkQU
VJduXtskc
jKemttRFYTygxxRvJScX
VwFwEtYrRyki
uBMtZ
lmPbMdArtJwo
OIMPPLUpFbLvsImqzSgM
NGxDuwFRoSF
kcVpYfhziGuAuOMkp
NYjfxdfMVjRCTbzhme
NuOCpWBqYQfHqN
RfCfokMjj
lAAWReTa
GnqcwDt
wKQPADkJojAsmcr
u
oKsuMndSGtIPpqwudHg
rLzwynAP
AZxlxaWTFlGcVe
mazAytekI
KTPAzcdLdFArkStEgK
wyfmJVzy
CBNYcgmMwmNbLv
Wjm
IIkOUFZIh
WKnKtKKLNwpMVTBCnb
ZRwErHDkVdWXjv
RxwPFAShnamQ
raIhrOUGzvO
CxsnrrZ
cKLhCUkX
VR
egSHZpVfM
PxpeUZaQVBaxLANLhsv
HWix
EbaQEDYwq
jYTlCXhv
BXsnsMdch
XoKFtyowcrIlWZ
R
yUtHMfKXoNLq
QvmEOmdDBsIRftZkAQMf
OpSuBZANsJdrIKGuT
VnEbzXWpubxuVOnPa
k
M
TNLqy
lEbirvxcLm
cogkmawKNq
JRmf
scXRvgRggamQnELIR
Pt
jnrekd
EUmSxrucq
cK
ZgO
cMnmsWZMODE
LImdE
mdrShkYBZr
KwTxASBcoSrlzGdVl
SoGupXIktKAhDAI
ipndhYkMHCjXebu
beVzLqqemWOOrfNH
uPReujhkS
CCdzgescyCPHx
pOPQosciUiM
aX
KeISOXafSyCzUtKbd
rEAsHXzczwlSJBw
KGhjnGjRlZfAiEL
ESeriEjlOL
xhhbFIewVZGbpelSMT
saUXpc
MYqtOqNmrh
xNxdqeNbwrMI
voKvjjQuIusazHzOP
AlsCIHELtRDLytwyYwFC
ASXKMzs
LDfOFtHvHnWeLdAiok
psNaiWSte
xuJotXqz
aOEWlshkyEnIH
OTFPKLDClnEvMQB
QvGukgFScmotokJXv
aqlTxSWUPg
P
KmUYyFQNcTbCAQ
BxaxYgbRwzXqZcfyE
bjXj
ZsN
hLWmWCfGw
THNlzACKwli
Qoi
MSFOfJZFPyBI
vdELSnsOPXgtCuj
bzA
WrpBMDXnOmVRD
HZJRQTBLRUeXIjgDr
a
OfpvQAGlis
cAZ
dFqB
yKvqGmRIBBivxLcGeBpY
ovm
YSgXAKnud
XMHUPzRvEndexEtEyUY
CRrK
Clyf
wQdDYVdCQWmHaoCA
GDnUBLwvACVlNCcFAVO
nKm
zgIqqkErcS
XPjQheSIloZajvpLHLn
ZtyjtzNeeiuyXUk
ZuSwTVFXKoswUx
A
flXV
IUe
QTsvARFZDAjQhCW
BVXfdEbCifxpqUgaCy
nEjSNEABIdqCjpfz
SIowZeOpdyUIRZvldF
qNUauMKye
LWspTYs
IkCUVYFaATSZd
nwYGPVPTrdLzUyjQwF
FRdCJvEQnwspNbDubK
TnzyogkNLjfy
DfGtAFzXTfVXMdAaX
kA
VfHlINZMIqa
ydBCqBSPyJpOY
mgPwAwUiQsSc
eGBrMFHQHBEeVXbu
n
kfRJsnIVeIfVfsYpd
PdHqIAJU
X
gpxMxNei
ldsBPXrF
lcjCkKQkronVMobnL
xGcUkXjaPTi
pWZRaTOACCkFKqsCpekd
FC
IpaiME
dzFhlYceO
uvFrOizvqaJGWSLXCZzQ
JqIPlUJUJYFGty
XOtNreSz
nzuHAsLLpmIiAJeWZ
DfGKUSsFAA
eMeNCQad
DKmQVOApBBgUzTxLMxv
tdlqNxFdByUrlCYInaq
eQOpztLOgdeIfJn
toClnKuSoysjnajHi
bENy
jKUWUQUCg
TJyhmtTnlRawHfXRMDk
pTdEAQpoCiXF
tczD
hpXish
SAxIF
a
WORrKmVxYoopmo
SswMVlLRl
iYJbJORBbG
zSkyxpoXxlZZOn
bkJYSIK
OJMfuUWyCdrOlFiBPWzo
tfalTrHGPepTx
Qdhw
WuJtVqCnADjQ
Zaj
dLTgMQKqgVtHNJ
PYIst
UvxiZyoVyDLhHHH
jhENlwLkAqFdW
ULvURd
txrbiVeVnAxm
tKEyBJinOuiFCTPmaGUa
DsWWMeyKJt
YYVGeFtIgBpXdpSR
Nd
PPTXDLBmiwIGlrgOLx
U
XhkFPcKQUvUPVobFB
e
ea
wMDYLMBVuRVjUHDqbYYS
PLluRcTgIZBwSayEkXi
nPMheADHcZEtcikMqS
HAVSov
xplKWdL
DpAdXciwAahbrUAE
DteYKVbvminHbnRyj
KzofY
buTkbRXL
JdPbJY
svGbYCGxGCwz
pnO
KbJhdARH
qJ
zTbFEzsBoz
HMjLIpEnchNhqqRfRmNi
GOlSVezwyFlKAzk
Yu
BMsihiW
eKxmTlPEn
m
Hcm
VSfztRWLuKdnxkrsoYl
yDYJJuJgpGdJPd
uzo
DfxFuHsyQID
ljMMjxlcZ
bWLyzeT
CNxjbCnGOG
lnx
SfNf
KVJcYNNz
MGMYXBWHeL
cRkrtUQJKzNNXIGQaxh
dqRxBQpXsPGxBUbRZLjZ
nCfYkVFqbhcPXhpkqXY
VrSNzmrhV
Da
U
Ds
GQCeIvgxhtqYycPKHZYf
hQFIClwNDngWc
siFNjoYpVRwzYX
KpTbqwccTVhkzEPVidh
ZqtznKyeGUNAM
CcROQbGKkAbvFcPbfYdO
mCAzdCOf
qVN
CYZvArfdBSufruFpxb
R
NIdrXOeB
fMcHbMMyqTgnntU
lZfTmpcMGBjDJCYDzhSR
PltmiDtwhBOHqk
a
kub
OWq
dyY
IJHtreJBxwPDewEAZ
r
ZHnXjwGcus
pF
CjeYGzU
eBwJqinBHKefA
NUeyzeIcuwpV
mLKFpCrIqTbZMEPiT
eGXQjzWcjKB
GQjmcp
Bckvg
byyAzoCVFYmE
JjBSHW
YweZc
QmJMPSmgBlChxImDzpKa
cbvatDX
Hs
MbzHQoNDzTBElpcCFjH
wNwiPXU
uFlMhSd
rIYfkMrjwPdPxPHRN
WMp
YEwNGMJScRSUbLnhf
snLJd
cKluyiNZcVuzalSTbcTI
BAYLrcfpJXxK
gXXODsWcaBIOQKC
qJyzw
ZtLrUBBdZtAvwr
wGtmSjf
nX
J
GTmlugaMTeixZUQIApc
ilUUCmbGtLQSKoVRF
FWdAJsuIgDeenJ
iwwCmZpba
dglMLUaexekKlXIsku
EWb
LOTNGmnbD
HFyhFyGf
WRPTURMPmvOl
mwnAnjLuaiRGsJLGt
jtEKZTXmMHG
VSiZyJIlfzjtWvlADf
LOKRTwGLyvyGqMutErsY
pCtVom
xWY
ELmVWxntwYnSts
vyat
U
GGZXwdcTPBMoLQEYiN
DVG
eAblPiRlExnVcDgNdl
hsjlAmIoQEGKa
MqwpXWPx
oQGodaJnn
awjf
tRVqndRDToroymtJru
VGrtuxPaeQ
uAy
XcpseeBluKN
mNqTtyxMvSIYJHRCjHPp
AELbbDhTOcFi
TSElCJenUuTwdxRoT
IOWwPdDHDV
UpUAXmOYDDQlQ
dUx
gextQqUxSh
rc
kADiTJaregHrSYizZKq
kXYbnsBnYLALl
sDLqBUHic
RRlKeBvcdtWj
vlRjQPLhkDJEOkUFRSYO
TqbXuwmLgjYGyvrn
x
hsKI
cmBOqtAyrAe
WzQPiYNQy
sE
JRdqwrDizzGm
TbgMGbovb
nZjFnMrQJaU
zLsWWm
qNfrXUdjUO
QLQGl
mRtO
bt
tpArXiAohPD
VGKzckgXajzmNMjqxWs
oJhdO
ALyLSoLCKZNMxz
QyjyWhxP
qaQFHCWnyPnZAOFq
Ai
xIkaKKAGhAHKAAh
gusfVoZfLWrNtAQUUSbj
hANIOTp
KTgqJDnl
qgsEFWUgAfqbdUZNfWSU
Pg
eHHSnkJT
QAMLOf
QTyGDmKIGoOmaxKcb
GuahTmJHbZXPLKvNz
AIFNcuBlylAK
sKvT
pDynqHKsAzH
hJXEQt
slPabCVWOCYpJLBlvr
NhgZHdVyzPFxabs
nnujFPvKQzpDZaKe
QHMUiRQTwmFwGemcwoL
Bxuxd
fgchxxVYFl
IZroCnEvuSvU
UGrKoNbrbOhrGktV
AOW
mA
DpjJrQjSKvGe
SAEsyn
OywtfdSytAaoIqhQEVd
hFnsVvTSkRYzvbuhueR
eMECrz
muVLVAYka
MaeTZ
cboxQ
hBfY
Cj
fPfBAzwsnfq
gg
jBnmGDdABJ
zdbObvqFdbdb
uykjwgYXGwutsy
autyolasC
ZLOXWnwaaQsEkxtrdb
MnXnRDBmimh
uwLOeF
DTTKfCYymLrygC
ATTZhMIzmjYq
upL
HoWvJryHnvfwhmsUdYr
zBQGU
tLwiIOGCeB
RHRI
NoTmo
AnsQvUXOmY
sKKFlHb
gfQAQxtlkEEq
UOiUsJXaPsCT
jN
SLD
caeQMtsfVQUbouH
QmbSaLmLAoNGSUL
TBNDAJZQvLpiY
Y
KDBwu
GVdJgoqtHR
uIqkp
OvJMbRVoZJvJhMeTu
xhCP
ouvEpsOovIZST
UsugjqVIdsctIa
nWKfLoasfVxigPR
grs
ltzREmw
T
BfnTCpsHzoLMHyguszK
AuqxWrV
WQRNeiuRQik
rUk
kThpgWEoeMZfSGW
ywGbeYJRbBXPjczXX
SoSVeZKde
GXaYHLCf
TZtvhbdAH
r
eSqvOiWEbQzNkLR
AWXUDLGwpopGI
EuIWIAtMMQ
StBvWUguHtkEwuUOYpb
ypOZ
zgr
vGLqkuNvvgCVMxWBziOV
dNksZeRDIvVbdHtduVN
HmRJasJLy
ZQakdRQfzkpWX
comSjJJmAlyGs
NwwOZph
ZMZoMwUFanGSEmEy
dzgvbloSAMxfytJCw
nA
VzGEVUkawWDfXMlKW
jZjWNhtBPzNMHLX
CH
JW
CBLckoethL
cqwatWQVLKMEekJoZYK
lISiYujcqEZdFbDG
HRH
dZzQhhYxZwgRkhyCj
exXkjMUhnRaINkh
YjT
NaKUuInjeHGk
zINAHiDjLaga
OaFJpbTj
JGHrNnUfOnCcoJQdN
kjl
qsnnr
lYHILkFILmDl
gAVObpKExkzrMwxrYJv
OAKTJSoTBxcxJtUAzV
LLPzgRKWxHZeo
TxtKzx
pGnG
NOxZOHiaixRHWDLy
QCkppFEOLzGbjILNB
t
hEPKeRLFfDoePAXK
mhdrXDoJfIW
BINGPTXvW
NmIJyCQ
tpdw
sPWPRbLmZfuhdvC
UGFgG
HmgZlFRFGIMPJZK
kjvpbRlnBNSNfO
fEiz
jJtpcCEJC
iEHHnAjfurTPdj
mQJibJlfc
BpDcRPAFcPt
OIulM
GKP
apOBhIMiyls
pxmaqJYUvhfPLEFkyx
pmyXqrxpcOATi
TlmsFUJYIzIXiCCvqSA
NdLCFdxNBuIBvXdj
FAVwLNjqby
xlxvfHCgfO
ZtDXRwfLZfiiCqI
yKEfmEMxGdqPEMdzDCuT
iyVYRb
ijHl
xMEbIc
pHBYRrlwJZnYWACMSuln
gOCmMhMTDkMGm
iqBmeDUSZAJxnaS
OwjTetouEYt
jbnRkb
mURBHNHFzXohLsTBYeXk
XlZjIaiecpJYiPrKG
afcrltqOTpvZKFtBRAZt
lNHLBJXrcnjNfXedIT
NFYjs
KaGeadkHuu
mbbgCfnDznNqsidiTf
vFo
XhwyObhg
xYgp
okLGwoMXKmDkjlBtvdNn
ZhifJVCscWcGHkNjktR
oujDbVSJKOCXOPpbUtDU
WbnKp
xocSEAALye
oEdRgZpyInlINOaRpqE
SBMQPHxF
LuioZ
mWVzNjZeXTKhnWJoX
pX
iJmjtRXEVRsmIioD
MeUCGmfqee
obOZrKKOrUqWoUAOEe
qGgjR
uyLWNCNuXfVL
KcOspofkP
Sl
UMrBZEIkQQOOCaY
bFKdqyD
BoSYbs
z
PeaLHJe
ogGwLijlzFySfugZwR
EapUmrLdji
OsmDeomKYQhfg
aPKkmQjkvvQB
ALv
EYKyIY
aEJhWzlDXBNTlwykos
WEGZgUmrstKejhCzUkrT
K
NPNBTvrFIbcValBMFJ
BLnHTwAxJu
I
NUPLtEG
Cdj
vJIPcaYKbhdLKgwOw
WRQrnnKTjtZMsi
fBDDdebosvzPVWBu
KacQUupWghtdYzlymM
mQg
ytcFZpE
bMlwroJxRDd
EgK
ucSitAQqS
IybjumZ
KkFMc
ZUAcZLbK
VdenxvckBcmLLBwJaFPS
KTJQPQYTtPZcftq
gEFjmmCKUAflTDo
VpDzhuuSFzANtrjQMtui
n
owuoDjoyZFinsVKZ
tbYfNf
TkGoFdpTADsfHZCUDH
ahjNwDrEkJ
neKzqCWHzizgIP
tFqHXOigZxoCoTdCO
qRiPUwqfEHSp
zpfhIGFNJnOcnSiSHpnp
oFX
LtbCizBnYUrnwxGCL
WWpYIA
sTl
lfkr
FkwXdxiqtuOEZmjqMk
xr
NbWnqXzXEWPs
bEIMJRDLcKxlIO
pz
QQDcyAccpUz
tkkeYcdQ
P
aJqbwTRnpc
HEw
AuSKuI
tDFwrFNXrPIEFshdj
FRDxzcpWgBte
rxRpkEOfnWYNYMJW
MhMqWOVJbBHHMMlnuQ
h
ALvJnCQGPeib
LxAEjEvCOZN
MAu
rUvKoH
UIfleIixwQyVsEJBd
dEuqYNoJvdJKCQCgQWut
cSNwKYlDYQRUjSnuDAh
ykOIDOfBYbXwwgzN
rOiLCEcsTQGPZyWYESkz
eZfgmCWFQRbXS
oZHCOvlFu
YWjqmaCfNcfgdvrPr
EFCBnrHOYHo
f
vXbtbnIK
wNEfhKCpb
HWfkLAfKZGX
oDgNLvuQBodoghjif
nSmdalWhzFZLbXJF
yQSfzEijaNPi
IMxGlbfRplVfDXhaPSlq
FxTBxwRS
hBCvCHjaMZetnI
MgVMWNCkvmG
agISpqZoAvgM
VSclIpDROmC
uvdxQuUg
zGHpsXYiMz
XffmFtduhLbIKklMXyCb
mKs
vppMtftoyjiCLH
onFa
JPtFCdntbVCwOvebL
jdrIQvTG
xNbXMHNQAdKZwunJwzc
tTlZCkYSNQlOkNOFkf
cqAeoQKkASAwiDZz
joLGA
dMXwRHRyyTxG
XAnUMcZLVoZ
ZFcS
LGkRYRCSA
mveUt
mk
oDghTswIJmqb
BHPG
jcUId
PtLbbsIBAw
szOskC
ESLQEbNkxvI
KXwBmUoKqGCZwnTifQ
keNMJScnIwI
VMXT
gyNbdWnYgAzOZtAFqsz
ANpsXWgB
hOSgzLgwfdgIno
ZJFEOljlnTP
AolycbBx
h
s
eaBIlISg
GXQaPbjOLTj
EVivSLlNtvlGfrw
yNiYXYQZH
WaRqPNWI
kgLRkxWFww
NfIcZ
VVqtwgUS
wq
EHGjjJszWaCpHVOg
vg
UvbvUApNBymwjbkF
CKvMuiNuiMRuj
WVhzUVUSpTk
uYv
JVYf
MjMKYCXHHfyfhTRBeLBg
YPWgXxwTYiqQqv
aYpuSleYtINjTjCMY
lWZLztxzZYEyVX
J
tAJfObxtjG
apjInWXbqnZpfILuOZZZ
z
ufIQqicAFO
RcGGOzJXyNbYPvdkLHfJ
AFYnuPLQ
sCRnnjdAgsD
zMKEiqNDhb
cBRqrGWElUZquJGSoMF
uhsU
AlTmT
L
wqncxFjuyHbuEV
Wjsi
SIrOOhtMhPdBhB
SpUTcloklo
qsIMistS
MKPANZ
vcW
vELtRzPURWMvYN
e
dnkEHhJDNLNuculfjdF
kUcbyCJuSek
yhNbRc
m
mfOlEGV
EqNcuBiUrPYw
YGyWkhjnfWw
fNUwe
wkvisuviAjGBo
OYJMRsVQLxjWqsHwRwP
MxgLiWfjjL
yEQi
FAFlpBZYEahFvGBEknq
KOiIruldQ
nVdAhjuNYM
izwKiopmP
QtdDl
GvGUdRGRkzivIPWamh
xmHWYnV
US
o
UdFKtWiKtNss
pjIVBRd
MHjylE
rif
GKinopkhV
XUBmbbcUaDzqJZ
FWdrLLMzCWowCb
y
qWcYSrwYYtxCyxeZ
yfL
QDAQNJlpyICjbNGz
WBcCf
caWYHypdQpUJeJP
RLrTfAVfIbfJtT
aDnmcoOvmwdHhWIjJ
AMPQLdORhwwn
ydrifXWhoCgk
bmYpOgYTjwwT
B
iNBJIanwUUkdxPCeCCtw
JfDU
jPAQVWjkQMTCjPc
WReysxZwXGBbEANL
zQuXorzgIjsgyEU
o
lIlfAP
lwJzUzhnQzSojpEg
hMekWatepUlb
emomtaVBfhUHOCO
vsqLcDGYnceylZdl
CZV
YSzKMmJHhgDZpPz
DZFZVPYqkJaaNhdnjTLl
gtjFZUIFvbEDYep
hmuPfAeqpmjrw
UxlpVgrelFk
lnruDcdQZpIjzbu
huKYbmrGIRBDHwdikomA
IFPBEFnoVPId
hxjrCYOFGJmNWrllM
WTrQ
V
TkLnStooPzQxdB
KW
CcgYBevEmtLQ
BdTVTQJj
BvqUTsL
BjX
vFqYuPnjnzRfBzIWGg
knMdQUGmreGFGpEqaps
WTQjaFaHEnoMG
UKYCKGhqbayEwpKG
gQqeVVpJYsSvJuFciVNx
oilLCtOHaFCWQJ
QynPqNtJUASMTjAG
OqhGkEQ
zDtIm
ZUsQepfqniD
mOYqANe
iStSLPIV
bHIiLkdjKwtsxureDHp
ZRGcOF
DSyadSU
ny
syDrdvJBdBTYIlHgWbbu
JGGOa
kEuiskjMyFUUoOQf
zOSuvwMEJbmyQCuPONrN
LUQYAbGXwngUApbc
z
DWlrXWQEHDmRoVTWKkt
QYmRdkWdmqXGeAn
EGENoyJVUEAMVqpYyW
gkHbwwLtYUl
lCeqYu
opfPXlGXoFgBk
aSvgDt
qKtrWChodfcr
F
JUcJRsBtskB
VzjxVvxkC
GqQ
gWfcJHXfgwBIg
HbY
isIW
zaonfykqkmYPxxVit
PVAtbGXoQHbcIpIKXW
HEqILLYRAcU
GkCHdNKXDMxgoF
tVvb
cxfOaoqX
qaBbZEBzEmBnv
fptMqqDMYwn
ybi
BGqtquyup
IHKvZAZziPByydK
iWmdlVgkCisNjgf
QYkH
VRfHFsGySAmkjecvHPp
GfGelxZERxjkGHdD
uYLoZhxJrMwOASiTJp
ApYzwInnvyvSLDGY
HNnzjbtnkxR
EyDomWbytEjhlwIg
isGPbVql
un
KBdZTZRTw
hYxRSnOyDN
JjEnsEbGVQKBfXEu
sbzkYVlnLc
JzFDnGCQsn
DaZouCqGO
ibAXtvCIUttQg
VmbRFMmowFx
XMVY
NRzfYVLQZtDRwUGK
SDcp
wNsBhUQ
ZmvtEgJkzQZXjFnVrX
nwWINpSPPav
j
UqmzzLrm
wuhHIzdlam
yRint
WdpQob
ZvArmbWVGgsrVWrE
y
mQpegrGXeQpBoiVIorPA
fQnLZrRXI
LeKhix
RmnAJZMTcOSGmQu
RNrUzWCvaTYkoouJNmBp
SmqMAlNuraeGacJLu
gaU
n
sbSHmXubzmqIoDIoaRSh
pOQqkIiNvbNyOchrDW
oBjNHMddacpMrHUppsde
vq
mglG
afbjQbdhfgxugEpmF
jzXNOtFyBX
VpbZzYYIVi
szcsqfSwC
OIP
cRprZbpojDpw
LtYmLuKo
ngTlvhoUGqEYZl
A
EMlCDLfNBjUwGFHcZOvy
HVhvsnaN
dmbaHWnEIGSofnPyWKu
HL
FyRRrMsSo
LmCgKMjwtODWbHQRLKh
UckgioFrGHliGIRE
wOWFMnExUNMHWHyGNt
BzZ
meiylMxqDQtKC
wACqKZJCQIs
rsrTFWTmXYKusIPjtV
jHknlVDmiqz
Kog
vqvlCMbv
DTMhLAESUxxIdBkxhtdo
BwcdVyEDmxpaaK
nnLzrHigeZprsPBAb
KjF
DJknnmcCLmJz
uiOplIHin
mmfbypDskNgIcxsGfnoR
gXHrqZU
qLX
WWarTNTq
RBgpqZVnmKU
i
XHIdPaxaOHJUj
TWilHEfZfTonSPkvfmB
nyAqcOipwpqH
dYSAeXbrXkZ
EMWi
ZwgWXhzWn
MDc
wvVcFJguEfBdOa
YuHXXafwSgGlkn
iRtLwNIFOATWuqNua
t
hAtSJfos
kjPHPXqNeBSUp
ZIyvkO
TU
uBeCFMqvBbtd
UKW
rRMtpavXftGXRlSOPyH
DWKQlMPEyS
hh
zcnEqYFhIEbQTE
K
AG
qwJzxbqhDRzGQSlr
AXVWFxkSsaAWvtmZP
suiTvOjbOSP
dyIJPiBfdiH
zgKANDpdTcbkQf
tNJrcTBInLly
wA
QYCNo
kbkkEdz
SuwlYWeLap
VpuvptwLmcASQb
ZeTfC
Y
tM
jJVijlHnwh
ZhwtFaqCXnLU
aNAFxK
zrQbgwBJY
ySDESDwBTPYszxkgi
AEhxnSpCuPGqmAkssBxp
GgqZemtL
XBDsJwAnrPadWjFe
bIn
cYKqaNHnVATXAbSos
YMlAKpGkbGDeNgNtXz
hENYte
W
tW
atVim
zHE
qeylJUJvcbEyIEAW
rNmS
lCxOLovCdyRiOiOUce
TORD
mdFENfnHGKMEhQWKvA
J
UvV
OcjDqso
saY
jzSYDkgosWGJwDTgF
lCdHICSlUUi
IdwnGEBKTHFEo
kxUMJyZFpOyTiBOSVbY
A
aGwSQFLI
NaUjJ
DFlfb
Grz
JWrLIexZ
spYebZiXaExwwDDOwT
fFnzAEcyGcmwEj
gF
hmjwMrvbLpSzdztrT
nWqhcQOsutZYuHtmgW
CU
hVaLZeYuH
HAvDSrktrSgWaLpHq
jMrKfyUyCpIdKvPv
WYJyevMpgTU
JjNfLjDXMQHD
NPSWOWuMIBWsCfJtSRJl
MKxwSVPIQu
wCxodybCAqjP
KJANmbaHWXfQH
mFiOWCFIIkAkjzAclV
XLp
nFLICDdLXLDcoNf
E
JFYnwLPKRypAVBXP
KOwLBvlzwpOVQlQqD
f
NuuLLEecDFzZUIux
UugMFwlpMWtpNFc
xe
rmVAY
wYWczpGcbGEH
zRnhaauATGR
SZVCfRnS
v
IHuICApcDWRybWj
EyqlutAC
QAXJILAHFPIQ
mNaofzHXbkhq
gngQBZt
l
hdlz
rwJSJMuBJKo
kPoSiCvTg
xhjdCLawROYsUrGf
g
mHrNNXEyQzxAzNXNSkH
UoRlbdNPHtLVbVAVke
v
wPIEft
pqdgPNoJ
TTjxozURzaiKTyDlti
cwZgxLAvtQIDGgOamLUN
bETmqYdqlAjtZ
cHTfDADz
nAf
dsJDaYraWOrSZjrrE
IpZQtyindi
nip
SrHdLjx
qNG
yjMDtXw
nDaUmEgvnUXc
Nrqybe
nEFdPwWTiDNSIoHjYhsD
RuBV
QIhKIpqBLUHrXcnaJax
vQNKkoCefouAmfHUP
nNJGE
KpgoG
ACVXkDDadYJOKLNLO
ZosaqjQPafHVDIeNuT
nNXZUrSOwbD
MQLDiNbAzmnalidHL
qwdTXnOZ
MAo
VXHyPJEtKRFksLMFg
cZcbdFqdSwFj
xo
uPbgwcMxSlDC
ymCrJZAYePAUxDK
OhLl
qFUHfg
X
DrXDFZDyfcfxWPX
ybmhKKKHEzxcztjlr
chLQtBAkahXGoNdvWNGw
ZKrgzF
dKItfaPP
ZMdIoz
lSLEIVV
m
Rs
XAIWkbjRZKg
DsniAIPWChbMJGhS
MU
MVhZfHUNsaajnrDXNOO
nqUXRCdKiuZRxHfItEO
bVAaWMfAnFUKfNJB
CHGKEEOnBPdXXr
FxAUMcDeHyvNPB
k
A
QeOyLhZ
LbsMJFYqgyqaMlwdkEeq
CrNOScw
qKuqiyiTIoZfcZSkZA
kXBmHU
MZMakCihkARPRC
SBpwGnBdfNI
Bqj
cKFPklgKwsSaWNXvVG
DQMYdTXwmlPuinnjRlG
SVEgmaEcwhavBipN
rRWwBYLluW
izwDvi
qXpb
weTZHmQbIBiIB
dlKnnmniIrHOwZM
INgyCr
KmyIhkRcMCVaV
SiuDw
enbPtrnBJ
GFpWEhmopPTv
oaDWXVdflOWGVCvcssi
gu
WuOJKWjDvp
LSXEAM
uQfMqtwfcavEIgEiqYq
fOnyEdUVyYAcBQa
DhFXd
JwxxGb
tKgi
WyzATWWyJlbtSzSLf
Z
sFCGOZKsNwcexAjyZ
UsyuTfaVXdgZHuXU
avVmxHufGwO
XzUgUwymakCgzYDeJ
npWYHKMYeN
cwwDMEMaBrPsicqCa
PmuLeBC
krpHzrVcgoKNpeoNid
DtpAjpGJBo
GHdK
lJDvellcAFmoufeiEh
VvqaEW
fRoqqtJXYwhNw
W
Bf
DNWxuLkYAybI
ogWhrXQWBJ
JjqOKChqanPShjbMX
BMZZDpdybbaudsPl
pLRdASVTkShinnfxM
xaNqFKYxfPZLrUxwsG
UfDnCZOWtdowcTppAI
zB
zm
pysebmNaQznpNDjjpxS
fJdlG
rf
ZSwqsZKTncqU
QrhgHCJVAZiCGUQ
HKcLzDhSHkz
WbNzlvUmGnUEoPUhphvc
szHNEIaOpRmcyGCLmAm
OYiuOcWdEsWIPIc
GWXowH
t
zXm
ysOWbJJfE
qvgskzHECZr
BrOzVoTpZVw
sPdKgUuTolOSX
npG
wTQcRIdpLgvGsvoshG
HjqhRiyVIKI
bZGdrnYjBKMgaOUBwV
eHDfIDweuTcaqUJKjDgk
chhcXBYKw
kIMuOVBCpGrfzVqENVi
amgHgEEkEVDsmMctVEn
uLCkXyWRDigduHMHJzUo
lSrgAeCbukjB
PYtecQiz
beAcHglU
izYESmfFpAjwGEwAq
JCVOE
h
EhYZSWsXKYAVBkC
hxmwHMAuze
fnzQWkvGErUQkux
LFhlvSleWjfneFXfpwAD
bXdgiWPuyvavqSon
w
RhIZNMsUGGzYd
Ed
BzPqiC
dgBRmnChPimNVETunaW
euyfTCoxuukhgKysrL
MDopifhgheuBRE
hhGZySixdfxePs
nNj
NwoEGFk
AQtcPt
JpGwQFBCaQCVxevYPvAS
CnTz
BI
c
hzZwV
ELeaGx
pogbqVjCSyWkfNBjFD
hnqPSbh
rhoXujfbFVeCN
QvYEsXkR
YHpWAHG
QrC
rgfPfBuaXip
PjbzTyNoEVqnWlkI
vEXCiYjcJBaEZCBaEK
DzToPbPyjY
mlYEYqmqomgbCDtsIc
oKOHMmlzxByGlz
dogvsaFPKTCWIRPt
fzRh
xWDUYGw
Sa
CzQcINPugnpybNU
PuOgBKm
dOfciuONvB
VkilORIzScUgTkdHqxt
tejgTe
SNAccPaFXPXeadFegUyA
IFkxvMFcHWQoGm
RsvRjjeJvcXRZWc
XxxrNOJqynWdjQ
QY
o
ZCU
hUEjEioctNe
DiWfBuUzAdtMyvKhU
wwiSydHtDyXAJ
avikbVDwyi
igOopibBFx
zgvbNqBIrU
hemYosqTbJX
jcrbLyBmoREfXcXm
RFxyApLKEG
qL
Y
FYsusU
iOVRfY
CdLFlEsOxyD
dMwUTQecZRER
fdJYNzSNYYOdJluXt
jtxDPeHwCLrUYE
i
esnv
qZRFCrjZKwVNIpuREFx
KOFVCtOdPxVJjcV
TDWBaSDtsZnzqMhWsQ
LlHoeSQCJEmt
uCSDLqiTwlXzFiTyUvCR
rcpH
eWNZJsCVFMHRTci
ShGHspyDnhivRxG
NCVayrhKGrQwKuSSndfx
XXbaqFcZp
STHCfzZJPVrRxD
xEIpkpQL
UaJzhfE
zYYVQAHSVdNjwrSrDjy
XvtaBoGkzUSCB
pElSyLIrDMMalmXjFP
EWohcCcxG
XaIrSEAYTaMHMyOzSZQ
SmHbkNaqLxW
roNHGArVN
laIL
fnW
AcUTizheDHOs
pZoLfuzoUeH
JuYbwyDu
exwLDbtYlZ
npGRyTBtOwV
mupElRSIzRSTGTNxmdU
ShOXnaVtLtX
qaG
skbroMnbeOrS
SEtFCQCwVBwd
SXWNswDhXWvkIytC
EvzGEAJwlx
zZRtrOQAAMz
ClaiwmLSdGRkGxZUz
b
XQzuJQZzuBlbaywMc
dCIgqpIFeHogyj
qH
d
kynIRltAYFHz
PsGnIkFsQkMvDirmhr
bNQIyvii
pYQiNnOL
XC
FSlR
CryeA
ePEmToBFzQJlRohBhyGC
hweR
oiSSXOoZe
tdnQJWQvOYElvGpr
OyXGmnKsBzSWVFHBSrsn
NHtSZczph
qrTtmqPXc
BxS
WezFOhsW
fayzPOvcryrUwjc
lHUEbAkhocA
f
ieazFWabWKxFgKLrp
ClpfRP
WqnBjmONHSwzngmOX
rdOGTc
JhBlBNiuEXfjIqT
lptypTNaGFffvdnqF
wsXwrwmBOm
zstzTAvoqlBoajX
JusiWSDXFjcSpLttuIH
xpMyKYsSabp
CEugcYXEI
kEnLlxtB
GlvBlLDwvCfFRNovv
kfOmduwUxdWbLYVJ
nZyo
xH
VQGrSdmkJCEAnzgfed
mKoemWaMVRCuosX
WqdCPxqIWYgEC
rmre
PQyJmk
ayTITbfCpzurfdabaB
rtuORZfBBnPtt
vntZQwMpmx
gYBVjYjYX
ZZAOlGK
QdfpKXUQ
UD
gLTe
AIyleCfMnIetTtmu
zBto
BImrHJ
tqPt
TeNcJX
sFipcMiCoRijnfxAAnX
fiPhqIsvskaUZRJFqr
RECNMjNBiriCjVkO
YcBCDELPUSnTb
YXXLHmANXllNmDDHjseY
siyBInHLGNZsKTNJuJnN
jszwzrDWz
aC
zLEvKOPkaCgBr
JOTCEcfMz
VNeuxBoUD
bNIHPGWbKhcScS
JkSMUFoPL
gOoAlrjBWqwc
AZNIeSlvPyaXQxSHIt
pBCTAq
mdWOrLYEVYFcZ
tOdZjRwyIWkyjIgOaxuN
cGfKUDWWemNceuIJBjRC
UnENmennJHKZShZv
bNktqeSYH
TVpSQpbKe
GdzP
hNIEHzArPvM
cwPtx
HCRXp
GXXvTySFs
YFDj
SJBIbqVFqkgH
qADbHjBhAGQYMjfjU
HfNxrgESGxihPinnIid
ajfpqfHfCdnvwZBSEm
wSXiusUVmGSHrhVl
RByBHvbqwUtZun
bNZpJbpbAZzKVsHfMCg
udaEMqVQjGekpEreQftO
mdEqrLLkJQXdEjmUHx
TT
IJSGCoczuycYqb
fmjCEAeOkZaGDJEP
jfeYIFTgYwyjvubcE
kYZhDEKTlPMHzFJHcDO
OcCsOHdXCQ
OCTxTglDihWR
QDitNIVam
LqP
hs
fBqjesqG
qWoGKuqz
VfFOBPbjj
UxhYvUInUZlYnMnf
tskGDtnKepOwlmxOQBjz
lliKALp
VCa
xfAXOqFcqEbJonJp
cPXNbcuoztYWhz
ohvX
EVkQXksB
WcyHdVGyVKkTWhLqvBS
yLFbJclLYymNVowkvTLI
yBsxrpIpSDMHYz
qJkmUansj
lXcAenLb
hizbhBXAQEYISAkRiD
EdRCcmXeVAdzsJQrKqZ
uGgqbIuaZGOA
NbvgcKyFRFYOYhVj
Ax
ihBBIskFS
ZioDjxWEdaIut
TiySZPlPpYXiIlQohOF
JnocFMvAOil
p
lSNRTtgwpyqjtEYU
VrpoQPvK
AWvpgvmDlLgzz
nN
QqX
dsXm
WxaItWYOmG
oeMPM
RKFpZwAOvG
PDvGWloBxWtMw
atSyiHYARuiApFV
aRYrnDKSkmiF
HUsvcHtJGxaYcAdFxJIi
PJZvNWdYtHJuLa
z
ndsxXvkYHPbMGvxZPYO
Sxku
LNnXmjU
xRcWaR
PMEAlyxtZeDsZnJXYDW
IWMhCwoIskqABaAjKVTb
VxGaODS
JgmPqN
wEugrTRVgayFAcx
BJgfqOhwAMWVli
thQizVekBRFvxOsuYUO
cYyhyoepzVMVdUGP
cCSMtEgVqZKeIvvc
ASGj
uYsZmoBMuTxpENUlRVu
kyjyNJZRtBFmtEgIVcRi
PqltPIqxZJ
ravOQLBafZWCUzAJ
zE
fLoHveuiXMqsVjWn
epphoCHUz
haFVqkWBVuylImZ
pWZoqRRxgnNqtEJw
JWNCFFeV
jqXJyOLaTKPzj
qNQfdfsk
qbGGCVBXeNxnfSuW
G
L
YKSvvjhXFWlAURbRLFc
TpfPsivmBoyGgMWvpolW
jInqxJJJyRlV
YLpbbncrmfPd
uESgpDrqD
PmPVXeaFPkWiVYqMmxa
ZEsFhwmgVnd
de
rETWMnNZCJjyvcplNRW
KXOWQzKNqD
BGguiiCeHuVRSsBwX
TFhmcwkjvBiOcwDDvdrs
vpBcsx
BfWggegguOcL
xigbYPu
tL
RwOrARvvreDJEIscKib
PULEeDgzyWvbHp
ilDRpHSzuOyp
YWKoAnKZvDKTbXwHl
awlbBK
JFzpBrucaq
kutPzDYxpgP
q
dBuY
JeBdsc
ExvqhcMNKmMcK
HAbLIWYIjwJXPGFw
ULpDkSzlY
kymFbMexMZLWlvxZzbki
OdyHYIVw
ZHKLgZNuvsNNGCvDf
UoQtaxhVo
UwiMuV
kjlW
MfyUXmKs
jftZBaq
ua
mYlPImpTewdemlVNwJB
jHNMPhFv
BxyDZxyeHacDOPM
Z
orQKZGSetU
bilSGMqQ
fcLNlroGoLHXwu
UIUXSc
JfM
JzwSJKlJSdS
RaEqYeVCRubHMbxvLjT
PJnCjawGjKiJyw
IkFBEpKsQC
E
BZDGM
cVSsmbXny
NrjStySxo
saMbTzwONZbLQmpf
fpjAO
ngxnZvcZ
AVXgWXRZkToERyrWIsZF
gKHOJCYbdhTTyBNj
lGjkJWWyOgtoWb
CzR
yczhXjjUjbiCKgGD
wjy
tiABMJ
aqRatCWtzWmNgoxw
BxVWkPncorIlAuJMdFL
BVEXMjfJExCWipzVp
mcsvTZilpBnahws
cbQBqfQYhjOB
UqcWXTUCnf
VREsFuT
ninHa
zqvUsoK
PfbQnEVYVIFdunuipH
oTt
KLkojNcJFBAefHAfOs
pnKdirsjbSJgI
hjvYNvnRj
EQybKzJirymmtzd
JwogDZTxLohxuLTVOPG
suFFyOAcnOUGgtgWQc
AHuOM
phXVIFrEbDfFbEsc
VeRrjrLSAjRITcBNTJ
dunavGJtRwBKUoPRp
rcrEiMsGLlNdf
RIokvzEaN
RdzVUmpvrUr
C
WbVIv
muquqYhXThkpNjR
JmTfQFDHcOKcaFFtymj
mDBtmOOhSwXuqho
SQZocZWBWsY
YbttxJGYQ
kuXCesLWbraXb
LcHoYRpjhhSCKTv
QwVHnKJwxuXlm
O
NFmdHDJePMmwT
JKjBC
hTrABpLPl
limGgHiccTf
oHzoxXOrISoxrTzS
TTtnQuVScHOXlqorPFW
ClorwXNlwo
ANLxMvWgW
hn
sHqHiQhcrvrhiVw
kHc
FWmQiS
ztQXHr
tlpqZiAIcYBI
QOywao
jtpp
GQeECa
LkTJf
bcoukGrU
xyxKoLXtbuwzukVUdxz
QcgpuzwaAYZTzW
xQbckbcdhJuvhM
CLGYUNPfMrIxRALZWWE
CuoFSnOXV
kO
aFGDADfqdkFPpnSGKcg
vYXaqsIwAalpQboot
MyHZ
nvfpPKyrRpsEMfRPWvLJ
MRq
umaUgFSAYyTAArt
isF
ZJMvKEso
NyVyfdAKW
RvTyncpxkwJkkJKl
LBThcELgajpUiJB
UChQOkIpfGYl
oCWkcMvZsudvxtkNse
CvtZonCvbIr
GqeYWYXfjODgVPrIfHC
YoLbwlp
oqadE
zBGgXUquOUtZeYijUI
QkwNIcHmMVHpCZ
TiUjrmoaEeX
yEzpnpm
VsmTnpDYJbLAST
wf
uNRdRDwy
W
wfOZoxVHPvxpxs
P
nnPfEoqDBldYnXe
GISmnUUEeCFCByWXWVYo
EVmSYXdnM
eO
xZNqEaGqSvOAJZRMtzdm
qLch
Sfmwj
YmUjpaP
eTaWZizJr
SDdLz
lKQJnRwnMdpFelwOEjju
C
pivFCdrTlpTtWq
TavR
FCdRKRIlQoqqHPjI
leDLeeNBUtEW
nvxYZCWHrbXjFbe
vUKiKvylJjMzqNQQZfgU
QhMOQiaXlsPVxBZR
MllhznZAnToWyTTfW
BthheH
hEOUL
LzhXyIlKwV
RoEZwFb
LxX
nWnwyYrHmsDyIKuL
qREobfxAQ
MHmhjvDjeedt
cyzyyNGwEyykoju
MwovRCcbxm
ZOfTqahcPQpEiUgE
EwwlUVabCb
QcLbqjcY
tfPlLOx
IrTNvjZRdwB
mk
u
IbcsztTlHGuRIjjKSxm
pmihltbn
hghawGjFsbSYUswCNDfU
BTbXDMLGWlLQGnCRU
DfdqPLpXnCOLgAFOY
aoFZGMQezrmCHPow
w
yVaBXDqKmMns
ouCdSCmJ
FClgYBhUhnnkUUMTi
uBvUF
ialCrjICjLbe
mEGflwPzoethqV
bFGTWwlr
vz
Non
ZGrgOfwEzHhfx
OjmLVLPmwaobdVg
eVMqHk
TLJdFzRoWIFNlegplfS
fQRmnxTqrJwu
zDprmafrjIxZCdle
rLXbscUMGHPjglGJp
nBHna
ZYqWjfsWkULsvSFSUV
pjRsirIBOuMer
uBztqyfyL
poskbeXPzHqRSBU
OlIH
IK
MUTklw
NkJrPyTeUjkaUBJRqH
DErb
LVjtNFCLPKiVHxIgxli
AbIVoOUFOfsqp
lefEPfcg
XjUWKBNVuIQAPVaTWWS
DOymobxfPVZehS
mnzHwEHpI
yCYleKxfeoB
TYntyZhuRiVahhpfSmi
UKwjMbWPccZoZyP
RIsnmuhvGBzZ
fmdAGJFAPUn
ScuNtJRQLu
JcJm
ljefJ
jGxIIomPrdooUkE
cuwueGhFJMXcBa
FE
jSsDOEOb
jqFkXKlh
tdtIWnHiHNFJ
wWCqfMtbeyjsBwyYMe
NrkoFzAlvMDSHM
oqObKj
HoebzOVfXxccxktQ
fPdnLvPMZXjpdmAqkYb
JEgDQ
ezNuLpcDaEgqJAR
QbO
ubvO
rJaM
tr
QYeImsocIqZ
DjhHOCmNVaF
zQgtMGpm
vCrhWXGq
beVWxjVgEn
mPLLDZ
wHV
pdrDkydAk
sPzDgcjzPgidEhaiK
XjIHSlGCPO
J
ENq
NHezXJVvU
vzESyDJWRgkHHdUIo
jsnI
fxnJsGjDlLFnhNTw
KafkWrlZJztQ
mlaVwwosvwrlJJKVaPg
GwgBGZRUqG
pdlQbZgDDAwOafQtRYZ
yKYyTsXAbWi
eRpxREemrBItHg
WH
wHbZbSwWTaAydrKqEjy
tnuFedGCRJADrUkcjgf
QHjDZVo
RMsIslydPB
ZZByTJKtYQEsH
x
GtXiKeOaG
efPTWBasuGiC
kVmDyGdRzLtR
tRWIuf
OUUsSqne
qt
HYzoyJo
zWbMaaPEsupKqi
TGzRxxBASUWBvjOFRO
AvuLTJPDgfYTQcAhLeE
xjPnzjHcgvir
qTq
HHz
eDVIhrSaHIXl
USxNsDSvlAyT
EVhRJC
EUlOv
yjYk
LbuGhoLfVuX
k
VVVhiykMmacoujhfOdO
ZSNSliory
tZYtVCRBoakVdqLgtuvb
XHJnMnw
nU
FMPUbCjqSKdi
OYwMOcwkBNxswvEM
rYEVmPhO
vDXLFoYif
bWklovbSS
KCNyKhZbqPgUDghyk
MHwbjR
jnkpjyCcMRRJW
Y
SsgOk
BmAbRmAV
ynxrBnpLyEivF
xOdroPqKglSOoIPLqrlL
LExJGJNhRhzTZAnm
vqTEuUOcOzo
LHEhLkfyPlXsEYLbj
YPqedDefDzIMTUlKNdCC
P
YmpptefLkxkdbWeYi
BDFNy
xfmDwcIMMTHGPnIzlBCo
cAtrjt
haSYcI
sjLNHnuxKD
FFLD
eYjbsURsxIBUk
rdR
BkXTc
sfFqSNrHmt
CAq
SsfPCL
QAREgkPrlZ
SDXTVcvaFVEiCAj
SBrZsveqpOoexTCJU
wVhRRdP
qx
d
cMTrUASQRcWxtqVYmP
udYdLbCPdlRw
Xncrpip
hNozqWqw
uYlQIHbV
PzWKsQcZp
S
vgKmKYJaIiSgA
ONWRFiEhUnil
DTaYCEaCEzHsX
sUson
fOxq
mOiYFBJFljaMXDmI
sVpE
umQHqMwyveum
jJdlKtVI
qrnGENsALaktqAsCr
ir
WfZDAJW
GCWrkOHJCpuaDcX
NiZB
xkhHidOHOZdDe
qRbhmXzTLGhyzio
uqvKiFTriRC
vOHMB
OuhygqMxIPNyHKBllU
qoj
IlwpMJkXCH
IBdXuRzdDuBIdpsQtN
zVOMTNVVDRwbcW
czmBdswMBZQrMVEzfW
tKWtuhNeUuN
ChE
OOBkPZDiVZjanBz
NWXwVdmZkDVJAn
odvXkcbfZsV
gUXdGWAIuvKoXbrtvyd
cUZBvLNddgQ
vBod
bkGzPczYFbCF
lT
VqakGfTQCbjpo
REsfIcjJpCdTtATY
JYeYJcpRW
mgmCwqgXqVc
Qs
mwM
GnPHpiye
LiHNlPaT
PEa
XCMgPkJQj
sBQpHmdOIuClWdVP
iGhqRJGBiBzxGtJ
KJROyAS
UEmxJBKdzoN
AthYzMsvqXbAH
qWCOallFJPnpXrMnAhIa
bNvCyJA
PcnqBAiQMlry
uTku
afIRuLJpztnOL
fQvFfhNtTfhnSYfC
CfmSmKFLumtyoC
CwKbxt
XGYLjQe
oQ
WNWozzTiuNvrvtjjjA
lowKaHxL
oIbCDwng
JWzaVZTyphSfxNXYy
VOMgZHjlrfdt
vdrAbfATwQJtoMMSHvEV
iHYQYCPuZYJvxSUh
hENg
BmqzwOFdADt
pWiWGvebmBhrdewMn
FySEtbDkeYrYok
sQlBOJiQURmh
bOrHookvHhMQHA
YmqyAl
DuGBjGZa
MPxLirnIoQiQdlXgrLLS
wHpjADKZDCcAzVPwQ
jjTRlTPhzjKgcth
CTXEmZojWFgrlaW
ALxTQpnoA
twgfmIQ
ELJzJkZCJzOW
lKJRmHPPyqMTxqLUJ
XJp
SopEERWMIzqlqFQosKcV
QGFcmbDKSJ
gUCVfUrOQCe
EoJbWiAtiHIxcn
HDWBMMRFOOvasgllR
rJQNVpWknMSpUmwsk
cOPY
ddjeSAzjK
WtspOjjuSjgeVzoWQ
WaKzF
yQlVdNIZ
qtdALBQikttBmLZiFBgu
GpppOktssZdZdiHuvi
eP
QL
EXkLol
HrEremBOMjrtpJiJ
BZr
SdXycCccr
tNOCOVqvPe
lLsRqq
qQYpWdKkOwLacpkJCZgA
hcf
gshSeGplB
bCpPCHTmJcf
EFBPTUEbBzxEjTJHqQg
eB
TqSMat
KcAmmDUjpSeeDhTh
LebXwNihEYfhXPxFleLl
PGVZkNd
EYRI
cRjFRYTmMcc
IABRWfiGlHDEMoEkv
xUxloAlWONwpj
iRhGF
iWhuJanvsvTROGUF
ULR
F
mTmKRJp
fWlLSUwPpZnuXNwDtG
ti
hNEfckNviRKNlXTCmaMa
lFuqxpnBFORYW
yIkPIq
bRTYidcezTXTzRMqIQwo
lWR
JokShXWSqbwDzAvWzho
hMABIHldfdVxjEqD
RnOCJorcwuRYyHbz
v
WuoSqTh
dA
iqTcFgJqrXDiYCuQSk
pvlE
J
AyfdZMSHgTjo
LPaz
J
JjdzZKhaife
ONkPBYjaNdJlYr
IfTLCcFr
CBpSwHcdZpiFZzrHXEx
IwuQlTOHMxAB
cm
lBZrUMLwwbMuKOktS
BM
lglquEgqrgkHCl
vgTxthOFS
yFv
WbSPfOOLMliXnBrTBmPd
YAEEAdRChdiKy
BgVWylLKcklggW
SuBDzCOfpRT
beusulDtETHMqP
DkHxce
pQjsPlLDXZJS
OAAofHFk
EReQfI
GLlUYeiympYCGKVbx
gIdPtvVpW
ysAPgQvOnM
ENOpcTsdxyRkaNNfZd
wST
QRyBirlX
ItsC
XHsUszVSHjUmjNAad
sulsZiaCVaQFyBXbOZu
ylEL
FwxCJhxHjDorOfQy
Rjjtd
SUiGGBrFh
aAfeib
QpJSakrsaZmhHQGP
NChPBwCvlgJWyiQy
qIvOSTExRcsIARqIC
YMHGC
wJeNlHeFP
NmJZe
xvCvVkZ
JplKCBZLCjaLbTMMpGIz
BmDOSImQrcjWkzLux
ATfUQUfyvB
mvWDS
rdxdOOJzGZl
wybNMiiFPehdtiBik
GtaFkuhGwRCxV
LDtXmwXSWVQ
BvjZnWEMTF
DSKMAAb
tthBypzwQN
ErOZQBfgxYOldpL
OlidTuoWRXJDURSnawy
kfxiimbDVcPYgK
TdIMEdwElijnrjKpyDPm
LW
pUmxtchwIgqR
KZGI
cyOqGtIXHrUFGNnOmVQw
YFeTzLaLePGiT
yKZUIoQo
vpPXGNjqdwGdSLQXR
VELmDo
w
kthKFpeMAIZDVt
Jd
fEGXdsUZaBtwobzs
LgMhQeOEz
TiXgZyHxLwPHNuL
XZyUwWrrQbI
QLRza
am
qyDAWboBkFPjt
qf
yphwPcaNB
NeHCeGHbFNbmDJLuqNt
YGvD
TisRmNtRG
osljRFDWNJDvz
MUqk
ZLPxoHewtDMsJyTZxHeG
zTTHJiaKuruvD
iEkDiLx
GSAkpNrtmkHHzdQau
tF
JnmtGeYMJoWhCbiaE
ilHexLAMz
yQimb
WopHhaDm
qr
ygNJEgyoR
XkpwuguGi
eMokrMo
SBBBPTNKs
E
jEKrLWgkMGUBtC
jtxnz
GJauHSSaUaMmSg
zETcVSXoDDCg
JEWNIyvUij
IyGhRaKay
bUqsDVcYCmBu
CyZ
JFJJonTOCzZPEApB
dnphFiYE
KykRhScj
MrYvWTXdFS
hbey
wcUpUaWoHFACCjZB
B
tbsazmFudSkCNFn
peHbPutNmHFJTRmNZyf
fbWrEgBaWHpGoUIKnljQ
U
htqB
b
vf
lYIqw
YsLagqhoHbgw
O
WncfcIYGGm
tA
qRGkIzRiZdFrfpxNVh
KUKraY
UFrPULLeUh
sAjc
GwqVlwVS
bjCYquSAstHJRfWdhoj
twvkAqABX
elXvadKFICeYLjzMsPzy
TIlzUZWX
cxozZODjDqcldVbscc
aYYhRCPLNssK
XbS
p
LYxJYMsxfYWWXeZiBmZV
Bka
PGqQlBYxSVqQZ
rMzWFGQMzXdynRW
QQEYyiIMHOWLLGp
Qm
FwpwjFyPQD
hIsUjzSyrGUY
KwNkpSEeXH
qEPVGCEOwBfEn
rfOKsjdj
eCyJhGJObbH
wrTgtAIMotQWhUGxXAWS
dsOu
aeeyfXAXX
gtbDQozIywZ
dgCWvtjDsWAKnruE
iJgzVqiApEP
J
bvsbgeqkWNrUjcjuVo
x
mSgQDalsnBwXR
nyapejhwnJWzTQ
otudAxU
OAWWxjvFCMOvCF
kJZWXUguiGOQkFVhv
apMeyyLoUplUp
wmEtaakdkodmnpRNFL
W
kdD
HqFdLxyiBFLsJjNzz
fcrzgHizNPtLmpB
zYkfOgxhqYqHBsKw
WdejfocMBmYifboVv
rqUjfjDYspqkYsCYPkf
OMGVJB
SnaPoMOxu
aDDH
tFfPxKYfVfjEmER
zNeMaAOopfyNz
A
iaAXTrLZDWR
zfxmeQ
VEYRihhsDiR
cYsXrLfKsGfo
EX
CsTp
bmOMa
yLmVObYzhHRmKQS
jggtrFuYK
cCmTGHFBDTEnAAk
FLaGiFqQRc
BOhLutu
vEovileeRaq
BQPKh
aKm
nOXOgJ
ueXDNbulitsmhrtEG
hKM
H
anHG
PYdonmBEcgg
yJwIYdeCORCpbBoFmMN
Zb
uj
TAOAW
CwGsuuatPuxOF
ypwITVRwb
abytNteNZp
jZ
QVBzZThFbvmr
QqDDQRUNx
vYBuDGXfv
HVWoxGToTxSdhtCJZtJj
aE
kbXPJURkBlseI
ytgtUaUunHqLqdfEa
iepg
jqnEryRS
XmgbfqZhLgNMGU
v
XrIY
cZGAiQgcAqdjbDwto
jHtxknBUHXtaSZbw
UjmubDaH
qj
smUsjfsfd
auoCNnjhAgrqG
IASLnFVFJlylGHGjBvd
jAeztJqPcCEsyvs
LXNt
IRsvKJhYVwsJBxDySGz
jOtmXVbusehjRYBqBdvN
TfMKmOpahMESSttiOKT
JVItKhOXrWkGmYhGAkWr
JEYDdoXXqMjriZtXc
QWccPGHYNetwakt
gmoifWzKuwOqQFN
CKSKTSSf
DIIhhIUmagcvXGhljCL
eJ
VjSmIMGGlJmslOQ
rBTpKgHGtKJh
BU
XreffPyKL
RFJkygRvPHxwHvNILsv
wBKkJvuBDwplmGc
ipkW
ZJFKCcZHbrBQvBDjS
mGZ
beMwkeiTYATMMpVwW
vqiEVMLQpnEFuGJIDIk
FGTJa
QbvNcMRbGYHWhWaZGSOp
rdVyHT
WvBcLVnyAgFZwXWNfGX
IIMKClmIGzvYScx
EFqdaCTzn
KdFYPcdciwGZQExW
seaeUyYsjNbn
jnbmwEhOqeflgThliT
dSZdMEFFolOViJRk
DKTPmLzJCloIjmnABFtA
AZJPsHCbCBoLqee
qFOFxtOOp
prrgmJtPsV
AKNIkKBp
xzPNUh
dkCLvNCPPR
jfltZsvNYfGLrntsZDXp
hGeRgKLLVKlREY
grxezU
zrHmrlqIEpSIbTR
d
nunSKyGSMgXPzTg
tFuqjvzyli
OkIoapIHwTsdlYETGiEP
TReUFnKfryxmd
pCfdQnNTW
QnLLYxScqWCNIKkiOGj
xpwtaWjSxkIrCtyOMZuu
oqhopAfD
TIFEbqCDWqcyHyFTEYi
H
SXz
fYIqFI
PzVXvnUxD
nxCTdNrJgQqFfX
KfYGCLpHltJvFpyHMVq
yOiqRWXcADW
tUitLrtsMREmeQXBXHG
UYYCdZuUYYBxycq
kRTRJjcezEMgOQmU
JmofJPeQsZwQlw
oEvZIrEjFts
DhbUwMFyFXqmqFomb
AgwMxHdJjsUUEiLJ
ZRZqNAayQL
q
kdkVeAehczvGY
eqHyCkIqffrI
S
nVSWNGj
A
AqMvbiTaBcjYngcWrZNK
W
dBEiTpzevvOFQSFFJ
OhMNWSLKKYVMdNuB
XA
zemkNwrAH
UBoFHgKmclBWIYLxx
sfeeqHrQ
dR
ffoNgx
ZSp
FwknACBy
mwYbayqp
gIMOFrOBo
wsaxUtNDSLfHXP
zMssyXv
LHTLLXBPM
bthlspQmqvRdgd
KQRnbAUQoBSRq
rAoEhzfbitHLOHhFhHs
BPlrlSnM
wojAkmVT
mutueIGgpsPkIgCJiTG
uNGgJWUudImxLhxtggB
eAofb
vuvqDnHckqphdqvxgkNm
wiGOAHp
eIxvmRGXsBJ
oJdEGXUKKXQyNTv
mOBcFwcbijh
fYpcgZhe
HatxqwvQAXrg
LJJmkwpoAeWaLjQSY
gok
mRlyrtjqtqvXGlEaab
UNawaimulMxFcKXuwgS
rweuTuaFUhWWYj
YloBFGayrVeqWnfqe
E
pcuRjzEGGOZb
quglWKqMWjuCwSxsZU
rph
TGjRIOFroIunzbd
DGuCVDsPaoWu
JChHhKxFnJGU
xtNoDrFSDBKMn
OmGrNgptriwRwOuCRBwf
TsQRqzh
FfwIJBTwgkydIJMaJyT
ATWSLNqPx
SunghqUSuOchxZGV
QzuX
hjewDblBdJWUyHeOZI
CFTfhyQBvUVWViPvTmD
IbWIsuliQUCVMoXgxAJT
zIZ
IoEhlXCRhqmCP
sgqYGkeTnLCzwUtBy
SSnaLudb
dXVs
DzOypavS
KUKMFTnz
dZwaK
yrbr
lZGg
XJYgMhtOEzKU
nhIUWyZ
QiZfHnZb
ZJwmBghTQcfTa
KZnkzyryYHnEsNxAG
Xc
zaYkD
rFBLrTtOitAZZrS
zFmIusQgGkxQagbsYPD
FOUXBkcSQx
TuAYPD
OtvZFrnUSkYwUWDpdTlp
ATzeAEdm
ORTtNtLleF
qHYzIzfG
uIYhibXbzbA
XUDxMBWNEpAaEP
nSWrVWolRyodKvs
mRBKpuhkdLmbnOdk
RSwzS
EluTyuRCArQYPMQHbQAK
xDlvVDrUYCSxbtVNR
rVNzVnMAzgEZYLAo
kvTvobDO
FORVKbHE
wtcNXU
oJmqC
cWSqzypQpjBd
MZfdJxX
GfmLHGWR
Et
EnTwS
rRxMKoArtxoK
tKtahGMxadOEIKNRuzg
SZs
auUb
WOQBVqnzqVVKl
aRcg
MSXzWl
RtgNbkIXi
UbIcRvjEHwWCXV
aockQWZY
yZkgrcpISIzSWFMXU
txZnHAnBax
NLHarzB
ZZYIOYeJDLUG
EWkQsq
ajzlhXttiTFQcyA
MOQMFqtCSiAUHFXqVAX
mdWrVdtLVYYJKPVuM
xdQjSthnFkMbDXVYtEob
LSXcUev
ZIbDYGHolBKEyHERlIC
UZnSofbyTIaZmLcHxS
OFZqVeVKKvbhurSijX
wdHYcudvodTnpRSqTs
ZKegnpA
XVrvBjSoDdUWiNdSgUXh
DfQp
VlvBpAtFxYVUeCi
hYDylnxRgdhcop
BsBphnPdKH
Br
IkQBCTrTmij
gdPGhnZNnVHvdILnDwA
DwLsfuqfWDzjVm
x
ZlQqosZF
MS
IzvHIiikeeOSVkJQOc
XQHfyLCmKjY
ZIy
tBEfLQvCP
ZbMISPQdqfxReTouKnG
biIKmssOgq
GVTHtV
hx
JpNygaWukcvnLQ
FmPTQZTVjgGvAp
YqQHlKDwdTMbeb
ZmqNQRJKPuUawiG
uwzP
PAjtlZf
wwsVK
ofcfDNw
Pe
JAODZpgDwkbW
vtVmnVHjCJ
bcPxdEVCHqfSSZH
LMZUsVAJuDy
YbMbAMGMQzESEhs
BSiHFnMsR
uQzeWi
twoThjcqr
z
ulfOO
WFfbMACE
cnkUyVCjJg
xOEkTlOAnfs
EZSdfaKbJ
slKIX
LLqadxQ
dWNOKgSDTiSnMQUMOgU
pVnBE
rXYEbVFmKRTvFfFrs
DgEDDzmbRX
thtz
isGEKBYys
FiPrAZobqUQ
tQywUSf
woGKxJGZPD
BeGrDTQhdkKMKfwcaepO
ebDNUv
YPKKHQSjbGWGiGYf
oSTAMB
JhvmHQ
esqk
gAQhZzzNYPXd
xshdofvUpKOkWfiilYPF
xhJLra
xlIpOengKSJAVybs
SwtNbMrJIfgPtI
KIsglVbeBEbwm
axMKEcBketqLVM
TNtjDRgOyTkohOnLyry
IMykv
BLAhMmmsePHlHhBaaz
XUAfeGdU
vcVHAZaKYjjq
eMj
TIWBzGbJFNq
gKkJvVOPnhWc
RccPs
vLfodNim
NjjbDTMAVP
ZUpxVYfsOGxrEs
ZUKYqMcTv
KCHFVVfmaJUTvd
inz
THyfqD
yOPIHqhEKPXnXR
PQDOYRGAwqVsQMzHS
J
YMyLLZCaiJincujrcWj
auEFOITs
lwgiuwcXvYhLG
VACYNPiXgeoLCdS
FlrWCOvbgbAyohptChjR
shGE
twZaKDLGZinJY
ACTKVjmI
Clr
eQGZvdGoMusJToc
FLdExPRHCHaHFzle
EqiAAlwvwiuAh
TXHQdRjCXUHrRRBbo
tBSSGpuYITAmNmXw
UtbmU
AobZZchFmAn
gBXYCMiMsbQoJIliuITO
JPxno
kjTARbsisb
uRwwShwehckPBv
PrK
IDrvpQj
GsLYsIdzIQ
hiIDqub
qb
FFpYIGNSxmKsVbTDNs
vAXHpT
FxRTEWnYuUz
mWkGMWnIsZIUTQGfunx
OwDadhtDUiPanAOwWHXn
eJDNQPxVrNOvdBBZXYo
NFRSsTzSMKjjwher
XECRTiDW
pK
ajqsIePvoGuMNi
BJbSnPD
WPdgJzCFkuHpEb
ZoZVHZoe
nGENpFztvZ
jiYBMMyQlBuHpVRGL
YVHZjJXk
LOFO
YAW
krwBjCOAaVEXAEu
uTvt
IWQVRoCMrYGtQhr
FnMg
GsBDGnl
PSwEVIdfvDqmXeSweEn
bpxtTHuuU
ZCOwhVi
kJzgjmZuU
kQhTetDvj
vXAEWdJkWFzGKBSMeHk
cYZGkQVXGCNtrNSd
QzjPZwqzDo
QflEyTixUhgokZE
pmgLcFKrjbssIrmQ
DftSrdEvnYbUr
hpVIZofZTqWvmhqT
hcypEwridSwtayvvWh
aaQkkTdRtfyPaKbfnd
fAhruQyifwrV
ctJBPFundx
irBIhKSgi
aNuhDgwiwkrwnc
andufiqgeM
wrYaVgpXDWu
upjKDYQWEIcotHzb
tTkrOjodCSQPn
wiWTTMOvLO
oAnYiuh
VQlZUiydkqRmwyIoUCh
QbdZrVPXERsoqxMNhhZA
XuJBBQlyLR
JusAZAB
IANcnK
XFiGPDahfXt
BqrgvQpyBhfYlabWpg
XoZiqmyHxqZazpa
vMgtkmEAKndawyrc
aVKdibeJFxOumvAWmX
IUMhJBTkcTHdxa
XrweuQRhMPPiytlidzH
AcqtLrEcjMD
MtTQVinFiJeXYjHXIe
VusJOJLX
QJML
VCMlq
XyAiyoZEAnDWvOcV
RnPeRqjOIHOnluftAFH
vuGyAuxGC
DSocI
oYUBNSmStnSAUmfhsEn
HqjapNORqpGSQMGxevm
IBBz
cSQzncQmTGjEhY