0
0
0
588670
0
0
0
0
1874374
0
0
504175849
0
1761211
0
3337663
0
49942
90569
274813698
486
81106406
0
398388
528983579
1007863
0
0
0
1299342
3807099
101658
0
0
0
0
0
0
306
0
0
593238
0
588760
0
0
0
682117
247139901
0
514662466
95
513980349
0
0
682117
89092
0
0
0
29481
403
0
0
29543
0
0
0
0
1712
0
3228
0
717734385
306051507
0
35119948
85395
2529406
124615
0
0
0
0
0
0
0
0
0
0
0
0
0
0
0
0
0
7635
0
0
0
0
0
0
95193
0
3974
393497724
6431929
8662
55322553
981732604
258798
1339483922
482304590
340320046
233927525
0
302463926
0
12321
0
0
79
0
0
92497
106209
0
0
0
0
77296477
1328826440
0
0
0
0
0
623790139
753855340
0
0
0
6328710
0
107
0
48362561
80099036
0
0
0
0
0
0
0
0
0
0
47450856
18254197
0
0
0
0
11900
830669
469853
12745
0
0
0
0
0
0
91
0
0
7341
1013773607
0
0
0
0
0
0
0
0
0
0
27
635698273
0
163
0
27
0
0
0
0
0
4416393
381
0
0
0
0
0
402833461
0
0
0
0
644969493
9798
539991
9798
0
0
0
0
0
0
0
0
2446
0
0
0
0
975465262
409
0
0
0
0
0
0
0
78045
9984
0
0
0
0
0
0
0
0
0
0
0
0
0
0
0
3715989
0
0
0
0
0
84274720
743854370
0
0
0
0
84
0
0
0
0
0
0
0
0
0
139646
14806234
0
0
31980276
389884
0
0
0
99
0
0
0
51
53
0
0
0
0
0
0
0
0
0
0
59
35618
0
921
288741551
0
839787079
0
0
653428
5394105
0
0
0
0
0
0
0
0
1089668
0
0
0
0
0
0
860
0
5049714
0
0
0
0
0
10169886
0
8918065
0
0
0
8917907
29758
8917907
457936943
88761104
0
991
920593863
85478
1095175235
264559903
207764428
85478
5108941
0
92173120
305371913
206332125
8939000
427494205
174235257
239917
666541437
286909604
7496849
957563550
9211423
237338689
0
0
0
0
0
0
0
0
0
417241236
535397
0
4907104
0
0
0
0
0
950033029
0
0
0
0
0
0
0
0
94134
0
0
0
0
0
950033029
92603087
0
0
0
6632272
1125651
0
0
48737
0
0
0
0
0
0
0
0
555116302
0
0
0
0
0
0
0
0
10220473
0
0
0
0
0
923565292
922949590
10220802
0
0
0
0
0
0
0
7624
48150520
7624
0
48820
46074994
0
0
0
68
0
0
0
7801775
947843907
0
311872
0
0
0
0
0
947883993
82132352
91807044
326416312
0
418704737
1025879569
0
0
0
21957339
65811
0
0
0
0
0
90
0
0
0
36
0
0
0
0
26
0
36
0
458
332717977
566086
0
332712909
0
60456
0
0
9328666
5549847
515521664
515450582
0
685586316
0
442289407
0
0
0
0
67
0
77994077
125117082
164017928
110933621
32997252
84400434
84400434
84400434
117264704
850745232
814994226
814993964
0
0
0
0
0
0
45
0
1006792149
67182
1327960212
0
0
6527316
0
0
0
0
0
618918075
0
0
0
0
0
0
0
537
0
0
8370470
712383725
0
0
0
0
0
0
0
0
792434
0
20761410
0
0
88972276
849642973
0
0
0
0
400
0
0
0
0
0
0
0
0
0
0
0
160546498
0
0
0
93391960
379098
511891890
0
613902
0
0
0
1613566
0
0
0
0
372
0
0
0
167386989
0
0
0
0
0
0
0
0
0
0
0
98507
187678497
0
0
0
0
0
0
0
0
0
0
0
0
12852269
742456246
742455796
0
0
0
0
0
0
0
0
0
53748
0
0
0
0
399298
0
0
0
0
6792065
0
958952223
0
0
5164
0
0
0
0
0
0
0
0
0
0
0
13542945
25
0
0
0
0
91504233
0
0
0
29994502
24
0
0
0
0
0
0
0
246556792
0
0
0
0
0
0
0
36
0
0
0
0
0
0
484420
0
0
0
0
0
0
0
0
0
879317
0
0
0
0
0
902328260
289363
0
0
8372
398600282
687
0
0
243289557
95750287
59645642
0
0
59645161
0
6563496
306611755
276004730
532
45263
0
0
0
10701
0
0
0
0
0
0
0
0
0
0
0
0
72843
322445
0
0
0
0
0
0
553070
0
0
21116955
0
0
0
0
0
0
0
0
0
0
0
0
0
974590
524134756
0
0
0
0
0
84565
0
974590
0
0
0
0
84
0
0
0
0
0
0
6233010
0
0
87349
0
106499
0
0
735
0
146478963
0
0
0
0
0
0
0
518647
578184565
22168
0
0
0
0
0
0
0
0
0
6696500
0
3352363
0
0
0
0
0
0
0
90
0
19994976
0
0
0
0
0
0
0
0
0
0
0
0
0
0
0
0
0
943536
0
823990
0
163048078
488911851
540394
0
0
1026015958
0
74215373
163048078
0
0
0
401088999
0
0
9700
0
0
0
0
0
9080
265764701
0
235851487
9080
8722416
32764213
601225119
993423
51128089
1015191225
7685
0
0
0
0
5590496
2638
0
39873240
12883
809234294
809844487
6318177
634544250
819839415
3620
1414229062
943347907
832795239
89842146
2189522659
2161573394
0
0
0
0
0
0
0
0
12538861
726212889
0
0
0
7835
0
0
18417736
726251529
41898
0
912
80000382
0
0
0
0
0
0
0
0
0
0
0
0
0
5546
514
0
0
0
0
0
0
0
0
0
45
0
257363
0
33
738771106
0
0
0
106246
658172
0
0
0
0
0
0
0
0
0
314
0
630760
102304946
0
0
69939920
0
0
158902408
0
0
0
0
0
2061
154914977
0
5161
37809
0
0
0
0
3106
0
8774078
0
0
0
815172763
0
0
673071879
0
0
0
0
0
0
82
7722722
5382300
1412
0
56843019
155740
0
0
499772
0
0
0
59273034
892
0
1741
0
76
0
0
0
0
0
2048125
35110528
94763584
0
0
0
0
23309161
0
0
0
0
0
0
0
0
512206052
0
863640
1298464
0
0
0
0
316285
0
0
0
0
0
0
0
0
0
0
0
0
7089690
0
0
63405
0
0
7089690
0
0
0
0
0
0
0
0
0
0
1425624
0
0
0
0
0
0
0
0
0
0
0
41504
0
0
0
48924
8075
613
5617086
38924872
122
0
0
0
4673528
38924872
358
0
0
0
98077999
98077999
0
0
0
0
0
0
44943
219023
819140729
819140729
66169645
66205896
875346535
1185161605
893827293
185523981
194689209
361024631
147155975
147155975
230300928
241589721
241589721
1052130525
211538273
211538273
206004124
206004124
206004124
520139
0
0
0
0
0
0
0
0
0
88130369
0
0
0
0
743820
0
0
8158107
88130369
0
612
0
0
0
0
0
0
8957
0
527138
0
0
102334
7137287
8107
0
0
0
0
499
0
0
0
0
91
68910
205405280
0
0
0
31630
0
0
0
0
798591912
0
162
798641430
0
71
0
33174
0
107322420
59659
49337
0
5124304
440596
0
38946
0
213530044
0
0
440758
0
0
0
0
0
0
0
394016
10996938
0
0
0
0
0
0
0
706608898
0
0
706054670
70385200
0
2539441
0
706054670
0
0
0
882599
6758149
0
0
0
0
6758149
0
0
0
0
0
0
0
0
0
8328248
0
64130
0
0
0
0
793305
0
0
0
0
432638
0
0
0
985
0
6546429
0
6220
295
67
510
381096210
295
384
0
5856114
0
0
72615
5340788
0
0
0
0
5413585
0
0
0
0
853178
0
971928877
0
0
7297869
0
0
0