S0000 ART 88 91 85
S0000 ENG 84 88 98
S0000 MAT 79 88 71
S0000 SCI 83 91 68
S0000 SOC 90 95 93
S0001 ART 82 90 89
S0001 ENG 89 95 80
S0001 MAT 77 84 76
S0001 SCI 88 87 89
S0001 SOC 89 93 74
S0002 ART 94 96 94
S0002 ENG 84 74 67
S0002 MAT 84 99 68
S0002 SCI 85 94 96
S0002 SOC 86 98 83
S0003 ART 83 70 91
S0003 ENG 80 67 74
S0003 MAT 85 97 95
S0003 SCI 89 83 97
S0003 SOC 78 96 77
S0004 ART 77 67 94
S0004 ENG 76 95 66
S0004 MAT 75 76 82
S0004 SCI 84 72 84
S0004 SOC 83 97 84
S0005 ART 84 77 71
S0005 ENG 83 78 70
S0005 MAT 81 90 88
S0005 SCI 81 82 85
S0005 SOC 84 88 73
S0006 ART 89 82 89
S0006 ENG 82 90 67
S0006 MAT 76 72 81
S0006 SCI 84 74 99
S0006 SOC 81 91 69
S0007 ART 74 66 90
S0007 ENG 81 97 84
S0007 MAT 78 72 71
S0007 SCI 78 81 70
S0007 SOC 80 73 95
S0008 ART 76 72 66
S0008 ENG 80 88 66
S0008 MAT 76 91 66
S0008 SCI 73 66 73
S0008 SOC 80 90 72
S0009 ART 79 80 73
S0009 ENG 92 82 97
S0009 MAT 85 91 97
S0009 SCI 89 99 86
S0009 SOC 88 89 75